2023-08-30 10:46:54,450 [INFO] Activator:176 - 


2023-08-30 10:46:54,451 [INFO] Activator:177 - !SESSION log4j initialized
2023-08-30 10:47:06,501 [INFO] LogOutputStream:77 - [STDOUT_REDIRECT] 
2023-08-30 10:47:06,847 [INFO] ApplicationProperties:184 - Using Application install path: C:\ST\STM32CubeIDE_1.13.1\STM32CubeIDE\plugins\com.st.stm32cube.common.mx_6.9.1.202307191849
2023-08-30 10:47:06,860 [INFO] DbMcusXml:78 - Set database path to: C:\ST\STM32CubeIDE_1.13.1\STM32CubeIDE\plugins\com.st.stm32cube.common.mx_6.9.1.202307191849\\db\/mcu/
2023-08-30 10:47:06,861 [INFO] ApiDb:274 - Set plugin database path to: C:\ST\STM32CubeIDE_1.13.1\STM32CubeIDE\plugins\com.st.stm32cube.common.mx_6.9.1.202307191849\\db\/plugins/boardmanager/
2023-08-30 10:47:06,861 [WARN] ApiDb:259 - Overriding images path with different value:  => C:\ST\STM32CubeIDE_1.13.1\STM32CubeIDE\plugins\com.st.stm32cube.common.mx_6.9.1.202307191849\\db\/plugins/mcufinder/images/
2023-08-30 10:47:06,869 [INFO] ApiDb:250 - Set database path to: C:\Users\phank\.stmcufinder\plugins\mcufinder//mcu/
2023-08-30 10:47:06,870 [INFO] DbMcusAds:125 - Set database path to: C:\Users\phank\.stmcufinder\plugins\mcufinder//mcu/
2023-08-30 10:47:06,871 [INFO] CrossReferenceDbSqlite:203 - Set database path to: C:\Users\phank\.stmcufinder\plugins\mcufinder//mcu/cs/
2023-08-30 10:47:06,973 [INFO] RulesReader:64 - Compatibility file has been processed (293 Rules)
2023-08-30 10:47:07,035 [INFO] DbMcusXml:78 - Set database path to: C:\ST\STM32CubeIDE_1.13.1\STM32CubeIDE\plugins\com.st.stm32cube.common.mx_6.9.1.202307191849\\db\/mcu/
2023-08-30 10:47:07,035 [INFO] ApiDb:274 - Set plugin database path to: C:\ST\STM32CubeIDE_1.13.1\STM32CubeIDE\plugins\com.st.stm32cube.common.mx_6.9.1.202307191849\\db\/plugins/boardmanager/
2023-08-30 10:47:07,036 [INFO] ApiDb:261 - Set plugin images path to: C:\ST\STM32CubeIDE_1.13.1\STM32CubeIDE\plugins\com.st.stm32cube.common.mx_6.9.1.202307191849\\db\/plugins/mcufinder/images/
2023-08-30 10:47:07,036 [WARN] DbFile:41 - Overriding database path with different value: C:\Users\phank\.stmcufinder\plugins\mcufinder/ => C:\Users\phank\.stmcufinder\plugins\mcufinder
2023-08-30 10:47:07,036 [INFO] ApiDb:250 - Set database path to: C:\Users\phank\.stmcufinder\plugins\mcufinder//mcu/
2023-08-30 10:47:07,036 [WARN] DbFile:41 - Overriding database path with different value: C:\Users\phank\.stmcufinder\plugins\mcufinder/ => C:\Users\phank\.stmcufinder\plugins\mcufinder
2023-08-30 10:47:07,036 [INFO] DbMcusAds:125 - Set database path to: C:\Users\phank\.stmcufinder\plugins\mcufinder//mcu/
2023-08-30 10:47:07,036 [WARN] DbFile:41 - Overriding database path with different value: C:\Users\phank\.stmcufinder\plugins\mcufinder/ => C:\Users\phank\.stmcufinder\plugins\mcufinder
2023-08-30 10:47:07,036 [WARN] DbFile:41 - Overriding database path with different value: C:\Users\phank\.stmcufinder\plugins\mcufinder/ => C:\Users\phank\.stmcufinder\plugins\mcufinder
2023-08-30 10:47:07,036 [INFO] CrossReferenceDbSqlite:203 - Set database path to: C:\Users\phank\.stmcufinder\plugins\mcufinder//mcu/cs/
2023-08-30 10:47:07,088 [INFO] MainPanel:262 - HeapMemory: 268435456
2023-08-30 10:47:07,138 [INFO] DbMcusXml:78 - Set database path to: C:\ST\STM32CubeIDE_1.13.1\STM32CubeIDE\plugins\com.st.stm32cube.common.mx_6.9.1.202307191849\\db\/mcu/
2023-08-30 10:47:07,138 [INFO] ApiDb:274 - Set plugin database path to: C:\ST\STM32CubeIDE_1.13.1\STM32CubeIDE\plugins\com.st.stm32cube.common.mx_6.9.1.202307191849\\db\/plugins/boardmanager/
2023-08-30 10:47:07,138 [INFO] ApiDb:261 - Set plugin images path to: C:\ST\STM32CubeIDE_1.13.1\STM32CubeIDE\plugins\com.st.stm32cube.common.mx_6.9.1.202307191849\\db\/plugins/mcufinder/images/
2023-08-30 10:47:07,138 [WARN] DbFile:41 - Overriding database path with different value: C:\Users\phank\.stmcufinder\plugins\mcufinder/ => C:\Users\phank\.stmcufinder\plugins\mcufinder
2023-08-30 10:47:07,138 [INFO] ApiDb:250 - Set database path to: C:\Users\phank\.stmcufinder\plugins\mcufinder//mcu/
2023-08-30 10:47:07,138 [WARN] DbFile:41 - Overriding database path with different value: C:\Users\phank\.stmcufinder\plugins\mcufinder/ => C:\Users\phank\.stmcufinder\plugins\mcufinder
2023-08-30 10:47:07,139 [INFO] DbMcusAds:125 - Set database path to: C:\Users\phank\.stmcufinder\plugins\mcufinder//mcu/
2023-08-30 10:47:07,139 [WARN] DbFile:41 - Overriding database path with different value: C:\Users\phank\.stmcufinder\plugins\mcufinder/ => C:\Users\phank\.stmcufinder\plugins\mcufinder
2023-08-30 10:47:07,139 [WARN] DbFile:41 - Overriding database path with different value: C:\Users\phank\.stmcufinder\plugins\mcufinder/ => C:\Users\phank\.stmcufinder\plugins\mcufinder
2023-08-30 10:47:07,139 [INFO] CrossReferenceDbSqlite:203 - Set database path to: C:\Users\phank\.stmcufinder\plugins\mcufinder//mcu/cs/
2023-08-30 10:47:07,153 [INFO] ApplicationProperties:184 - Using Application install path: C:\ST\STM32CubeIDE_1.13.1\STM32CubeIDE\plugins\com.st.stm32cube.common.mx_6.9.1.202307191849
2023-08-30 10:47:07,154 [INFO] PluginManage:196 - Search for loadable plugins [exclusion list=, ]
2023-08-30 10:47:07,155 [INFO] PluginManage:310 - Check plugin analytics
2023-08-30 10:47:07,277 [INFO] AnalyticsPlugin:253 - Accepted Software Licenses: STM32CubeMX.6.9.1
2023-08-30 10:47:07,277 [INFO] AnalyticsPlugin:255 - Accepted CMSIS Pack Licenses: 
2023-08-30 10:47:07,277 [INFO] AnalyticsPlugin:257 - Accepted Firmware Licenses: 
2023-08-30 10:47:07,280 [INFO] PluginManage:359 - Loaded plugin analytics (category:tool,tabindex:-1)
2023-08-30 10:47:07,280 [INFO] PluginManage:310 - Check plugin cadmodel
2023-08-30 10:47:07,283 [INFO] CADModel:105 - Init CAD model plugin
2023-08-30 10:47:07,283 [INFO] PluginManage:359 - Loaded plugin cadmodel (category:power,tabindex:5)
2023-08-30 10:47:07,283 [INFO] PluginManage:310 - Check plugin clock
2023-08-30 10:47:07,291 [INFO] PluginManage:359 - Loaded plugin clock (category:base,tabindex:2)
2023-08-30 10:47:07,291 [INFO] PluginManage:310 - Check plugin ddr
2023-08-30 10:47:07,292 [INFO] PluginManage:359 - Loaded plugin ddr (category:tool,tabindex:6)
2023-08-30 10:47:07,293 [INFO] PluginManage:310 - Check plugin filemanager
2023-08-30 10:47:07,392 [INFO] PluginManage:359 - Loaded plugin filemanager (category:base,tabindex:10)
2023-08-30 10:47:07,392 [INFO] PluginManage:310 - Check plugin ipmanager
2023-08-30 10:47:07,398 [INFO] PluginManage:359 - Loaded plugin ipmanager (category:base,tabindex:5)
2023-08-30 10:47:07,398 [INFO] PluginManage:310 - Check plugin lpbam
2023-08-30 10:47:07,404 [INFO] PluginManage:359 - Loaded plugin lpbam (category:base,tabindex:0)
2023-08-30 10:47:07,405 [INFO] PluginManage:310 - Check plugin memorymap
2023-08-30 10:47:07,412 [INFO] PluginManage:359 - Loaded plugin memorymap (category:base,tabindex:4)
2023-08-30 10:47:07,413 [INFO] PluginManage:310 - Check plugin pinoutandconfiguration
2023-08-30 10:47:07,419 [INFO] PluginManage:359 - Loaded plugin pinoutandconfiguration (category:base,tabindex:1)
2023-08-30 10:47:07,419 [INFO] PluginManage:310 - Check plugin pinoutconfig
2023-08-30 10:47:07,482 [WARN] SupportedApi:132 - Cannot load RTOS API schema: s4s-elt-must-match.1: The content of 'definitions' must match (annotation?, (simpleType | complexType)?, (unique | key | keyref)*)). A problem was found starting at: attribute.
2023-08-30 10:47:07,644 [INFO] PluginManage:359 - Loaded plugin pinoutconfig (category:base,tabindex:0)
2023-08-30 10:47:07,644 [INFO] PluginManage:310 - Check plugin power
2023-08-30 10:47:07,650 [INFO] PluginManage:359 - Loaded plugin power (category:power,tabindex:4)
2023-08-30 10:47:07,651 [INFO] PluginManage:310 - Check plugin projectmanager
2023-08-30 10:47:07,661 [INFO] PluginManage:359 - Loaded plugin projectmanager (category:projectmanager,tabindex:3)
2023-08-30 10:47:07,662 [INFO] PluginManage:310 - Check plugin thirdparty
2023-08-30 10:47:07,746 [INFO] PluginManage:359 - Loaded plugin thirdparty (category:base,tabindex:-1)
2023-08-30 10:47:07,746 [WARN] IntegrityCheckThread:84 - waiting for thirdparty lock release [integrity check]
2023-08-30 10:47:07,746 [INFO] PluginManage:310 - Check plugin tools
2023-08-30 10:47:07,746 [INFO] IntegrityCheckThread:86 - entering critical section [integrity check]
2023-08-30 10:47:07,746 [INFO] ThirdPartyUpdaterWithRetryManager:70 - Updater plugin not ready yet. [1/15]
2023-08-30 10:47:07,748 [INFO] PluginManage:359 - Loaded plugin tools (category:base,tabindex:7)
2023-08-30 10:47:07,748 [INFO] PluginManage:310 - Check plugin tutovideos
2023-08-30 10:47:07,862 [INFO] PluginManage:359 - Loaded plugin tutovideos (category:base,tabindex:-1)
2023-08-30 10:47:07,862 [INFO] PluginManage:310 - Check plugin updater
2023-08-30 10:47:07,870 [INFO] PluginManage:359 - Loaded plugin updater (category:base,tabindex:12)
2023-08-30 10:47:07,870 [INFO] PluginManage:310 - Check plugin userauth
2023-08-30 10:47:07,874 [INFO] UserAuth:113 - Init User Auth plugin
2023-08-30 10:47:07,874 [INFO] PluginManage:359 - Loaded plugin userauth (category:base,tabindex:14)
2023-08-30 10:47:07,874 [INFO] PluginManage:283 - PluginManage : Loaded plugins [17]
2023-08-30 10:47:08,026 [INFO] PinOutPanel:1499 - setPackage(No Configuration,No Configuration)
2023-08-30 10:47:08,110 [INFO] CADModel:165 - CPN selected for project level
2023-08-30 10:47:08,110 [INFO] CADModel:114 - Register for checkConnection events
2023-08-30 10:47:08,121 [INFO] IPUIPlugin:80 - create IPUIPlugin
2023-08-30 10:47:08,121 [INFO] PluginManager:220 - loadIPPluginJar : add adc
2023-08-30 10:47:08,122 [INFO] IPUIPlugin:80 - create IPUIPlugin
2023-08-30 10:47:08,122 [INFO] PluginManager:220 - loadIPPluginJar : add aes
2023-08-30 10:47:08,125 [INFO] IPUIPlugin:80 - create IPUIPlugin
2023-08-30 10:47:08,125 [INFO] PluginManager:220 - loadIPPluginJar : add can
2023-08-30 10:47:08,125 [INFO] IPUIPlugin:80 - create IPUIPlugin
2023-08-30 10:47:08,126 [INFO] PluginManager:220 - loadIPPluginJar : add comp
2023-08-30 10:47:08,127 [INFO] IPUIPlugin:80 - create IPUIPlugin
2023-08-30 10:47:08,127 [INFO] PluginManager:220 - loadIPPluginJar : add cryp
2023-08-30 10:47:08,128 [INFO] IPUIPlugin:80 - create IPUIPlugin
2023-08-30 10:47:08,128 [INFO] PluginManager:220 - loadIPPluginJar : add dfsdm
2023-08-30 10:47:08,133 [INFO] IPUIPlugin:80 - create IPUIPlugin
2023-08-30 10:47:08,133 [INFO] PluginManager:220 - loadIPPluginJar : add dma
2023-08-30 10:47:08,135 [INFO] IPUIPlugin:80 - create IPUIPlugin
2023-08-30 10:47:08,135 [INFO] PluginManager:220 - loadIPPluginJar : add dma3
2023-08-30 10:47:08,136 [INFO] IPUIPlugin:80 - create IPUIPlugin
2023-08-30 10:47:08,136 [INFO] PluginManager:220 - loadIPPluginJar : add fatfs
2023-08-30 10:47:08,140 [INFO] IPUIPlugin:80 - create IPUIPlugin
2023-08-30 10:47:08,140 [INFO] PluginManager:220 - loadIPPluginJar : add fmc
2023-08-30 10:47:08,145 [INFO] IPUIPlugin:80 - create IPUIPlugin
2023-08-30 10:47:08,145 [INFO] PluginManager:220 - loadIPPluginJar : add freertos
2023-08-30 10:47:08,146 [INFO] IPUIPlugin:80 - create IPUIPlugin
2023-08-30 10:47:08,146 [INFO] PluginManager:220 - loadIPPluginJar : add genericplugin
2023-08-30 10:47:08,147 [INFO] IPUIPlugin:80 - create IPUIPlugin
2023-08-30 10:47:08,147 [INFO] PluginManager:220 - loadIPPluginJar : add gfxmmu
2023-08-30 10:47:08,151 [INFO] IPUIPlugin:80 - create IPUIPlugin
2023-08-30 10:47:08,152 [INFO] PluginManager:220 - loadIPPluginJar : add gic
2023-08-30 10:47:08,153 [INFO] IPUIPlugin:80 - create IPUIPlugin
2023-08-30 10:47:08,154 [INFO] PluginManager:220 - loadIPPluginJar : add gpio
2023-08-30 10:47:08,156 [INFO] IPUIPlugin:80 - create IPUIPlugin
2023-08-30 10:47:08,156 [INFO] PluginManager:220 - loadIPPluginJar : add gtzc
2023-08-30 10:47:08,158 [INFO] IPUIPlugin:80 - create IPUIPlugin
2023-08-30 10:47:08,158 [INFO] PluginManager:220 - loadIPPluginJar : add hash
2023-08-30 10:47:08,159 [INFO] IPUIPlugin:80 - create IPUIPlugin
2023-08-30 10:47:08,159 [INFO] PluginManager:220 - loadIPPluginJar : add i2c
2023-08-30 10:47:08,160 [INFO] IPUIPlugin:80 - create IPUIPlugin
2023-08-30 10:47:08,161 [INFO] PluginManager:220 - loadIPPluginJar : add i2s
2023-08-30 10:47:08,162 [INFO] IPUIPlugin:80 - create IPUIPlugin
2023-08-30 10:47:08,162 [INFO] PluginManager:220 - loadIPPluginJar : add i3c
2023-08-30 10:47:08,164 [INFO] IPUIPlugin:80 - create IPUIPlugin
2023-08-30 10:47:08,164 [INFO] PluginManager:220 - loadIPPluginJar : add ipddr
2023-08-30 10:47:08,169 [INFO] IPUIPlugin:80 - create IPUIPlugin
2023-08-30 10:47:08,169 [INFO] PluginManager:220 - loadIPPluginJar : add linkedlist
2023-08-30 10:47:08,171 [INFO] IPUIPlugin:80 - create IPUIPlugin
2023-08-30 10:47:08,171 [INFO] PluginManager:220 - loadIPPluginJar : add lorawan
2023-08-30 10:47:08,172 [INFO] IPUIPlugin:80 - create IPUIPlugin
2023-08-30 10:47:08,172 [INFO] PluginManager:220 - loadIPPluginJar : add ltdc
2023-08-30 10:47:08,175 [INFO] IPUIPlugin:80 - create IPUIPlugin
2023-08-30 10:47:08,175 [INFO] PluginManager:220 - loadIPPluginJar : add mdma
2023-08-30 10:47:08,177 [INFO] IPUIPlugin:80 - create IPUIPlugin
2023-08-30 10:47:08,177 [INFO] PluginManager:220 - loadIPPluginJar : add nvic
2023-08-30 10:47:08,178 [INFO] IPUIPlugin:80 - create IPUIPlugin
2023-08-30 10:47:08,178 [INFO] PluginManager:220 - loadIPPluginJar : add opamp
2023-08-30 10:47:08,180 [INFO] IPUIPlugin:80 - create IPUIPlugin
2023-08-30 10:47:08,180 [INFO] PluginManager:220 - loadIPPluginJar : add openamp
2023-08-30 10:47:08,181 [INFO] IPUIPlugin:80 - create IPUIPlugin
2023-08-30 10:47:08,183 [INFO] PluginManager:220 - loadIPPluginJar : add pdm2pcm
2023-08-30 10:47:08,186 [INFO] IPUIPlugin:80 - create IPUIPlugin
2023-08-30 10:47:08,187 [INFO] PluginManager:220 - loadIPPluginJar : add plateformsettings
2023-08-30 10:47:08,188 [INFO] IPUIPlugin:80 - create IPUIPlugin
2023-08-30 10:47:08,188 [INFO] PluginManager:220 - loadIPPluginJar : add quadspi
2023-08-30 10:47:08,190 [INFO] IPUIPlugin:80 - create IPUIPlugin
2023-08-30 10:47:08,190 [INFO] PluginManager:220 - loadIPPluginJar : add resmgrutility
2023-08-30 10:47:08,191 [INFO] IPUIPlugin:80 - create IPUIPlugin
2023-08-30 10:47:08,191 [INFO] PluginManager:220 - loadIPPluginJar : add sai
2023-08-30 10:47:08,193 [INFO] IPUIPlugin:80 - create IPUIPlugin
2023-08-30 10:47:08,193 [INFO] PluginManager:220 - loadIPPluginJar : add spi
2023-08-30 10:47:08,196 [INFO] IPUIPlugin:80 - create IPUIPlugin
2023-08-30 10:47:08,197 [INFO] PluginManager:220 - loadIPPluginJar : add stm32_wpan
2023-08-30 10:47:08,197 [INFO] IPUIPlugin:80 - create IPUIPlugin
2023-08-30 10:47:08,197 [INFO] PluginManager:220 - loadIPPluginJar : add tim
2023-08-30 10:47:08,199 [INFO] IPUIPlugin:80 - create IPUIPlugin
2023-08-30 10:47:08,199 [INFO] PluginManager:220 - loadIPPluginJar : add touchsensing
2023-08-30 10:47:08,200 [INFO] IPUIPlugin:80 - create IPUIPlugin
2023-08-30 10:47:08,200 [INFO] PluginManager:220 - loadIPPluginJar : add tracer_emb
2023-08-30 10:47:08,201 [INFO] IPUIPlugin:80 - create IPUIPlugin
2023-08-30 10:47:08,201 [INFO] PluginManager:220 - loadIPPluginJar : add ts
2023-08-30 10:47:08,202 [INFO] IPUIPlugin:80 - create IPUIPlugin
2023-08-30 10:47:08,202 [INFO] PluginManager:220 - loadIPPluginJar : add tsc
2023-08-30 10:47:08,203 [INFO] IPUIPlugin:80 - create IPUIPlugin
2023-08-30 10:47:08,203 [INFO] PluginManager:220 - loadIPPluginJar : add ucpd
2023-08-30 10:47:08,205 [INFO] IPUIPlugin:80 - create IPUIPlugin
2023-08-30 10:47:08,205 [INFO] PluginManager:220 - loadIPPluginJar : add usart
2023-08-30 10:47:08,207 [INFO] IPUIPlugin:80 - create IPUIPlugin
2023-08-30 10:47:08,207 [INFO] PluginManager:220 - loadIPPluginJar : add usbx
2023-08-30 10:47:08,324 [INFO] CADModel:165 - CPN selected for project level
2023-08-30 10:47:08,324 [INFO] CADModel:114 - Register for checkConnection events
2023-08-30 10:47:08,324 [FATAL] Updater:308 - Updater called before beeing initialized
2023-08-30 10:47:08,324 [ERROR] CADModel:125 - Updater not yet initialized, retry later 
2023-08-30 10:47:08,431 [INFO] CADModel:165 - CPN selected for project level
2023-08-30 10:47:08,431 [INFO] CADModel:114 - Register for checkConnection events
2023-08-30 10:47:08,431 [FATAL] Updater:308 - Updater called before beeing initialized
2023-08-30 10:47:08,431 [ERROR] CADModel:125 - Updater not yet initialized, retry later 
2023-08-30 10:47:08,434 [FATAL] Updater:308 - Updater called before beeing initialized
2023-08-30 10:47:08,513 [FATAL] Updater:308 - Updater called before beeing initialized
2023-08-30 10:47:08,518 [INFO] DbMcusAds:53 - JSON generation date=Tue Mar 07 15:50:55 ICT 2023 (1678179055114)
2023-08-30 10:47:08,519 [FATAL] Updater:308 - Updater called before beeing initialized
2023-08-30 10:47:08,548 [WARN] DetailPanel:346 - Failed to get advertising image, set to default
2023-08-30 10:47:08,633 [FATAL] Updater:308 - Updater called before beeing initialized
2023-08-30 10:47:08,635 [FATAL] Updater:308 - Updater called before beeing initialized
2023-08-30 10:47:08,635 [FATAL] Updater:308 - Updater called before beeing initialized
2023-08-30 10:47:08,635 [WARN] DetailPanel:346 - Failed to get advertising image, set to default
2023-08-30 10:47:08,636 [FATAL] Updater:308 - Updater called before beeing initialized
2023-08-30 10:47:08,674 [ERROR] Updater:1120 - MainUpdater not yet initialized. External WinMGr cannot be set.
2023-08-30 10:47:08,676 [INFO] Updater:1056 - Updater Version found : 6.9.1
2023-08-30 10:47:08,690 [INFO] ApplicationProperties:184 - Using Application install path: C:\ST\STM32CubeIDE_1.13.1\STM32CubeIDE\plugins\com.st.stm32cube.common.mx_6.9.1.202307191849
2023-08-30 10:47:10,749 [INFO] ThirdPartyUpdaterWithRetryManager:70 - Updater plugin not ready yet. [2/15]
2023-08-30 10:47:11,400 [INFO] MainUpdater:2868 - connection check result : 10
2023-08-30 10:47:11,401 [INFO] MainUpdater:285 - Updater Check For Update Now.
2023-08-30 10:47:11,401 [INFO] MicroXplorer:498 - Change Database Version : DB.6.0.91
2023-08-30 10:47:11,405 [INFO] McuFinderGlobals:63 - Set McuFinder mode to 2 (CubeIDE integrated)
2023-08-30 10:47:11,406 [INFO] UserAuth:179 - activating auth plugin
2023-08-30 10:47:11,408 [INFO] UserAuth:393 - Internet connection configuration mode: 1
2023-08-30 10:47:11,419 [INFO] JxBrowserEngine:151 - Initiate JxBrowser Engine with user profile folder
2023-08-30 10:47:11,553 [INFO] CheckServerUpdateThread:120 - End of CheckServer Thread
2023-08-30 10:47:11,611 [INFO] MainUpdater:2868 - connection check result : 10
2023-08-30 10:47:11,951 [INFO] WebApp:157 - Instantiating new browser for Auth
2023-08-30 10:47:11,994 [INFO] ApiDb:581 - Connected to CubeFinder SQLite database (C:\Users\phank\.stmcufinder\plugins\mcufinder\mcu\cube-finder-db.db)
2023-08-30 10:47:12,054 [INFO] ApiDb:668 - CubeFinder database Data Model version=2.1
2023-08-30 10:47:12,054 [INFO] ApiDb:669 - CubeFinder database Configuration version=3.0.37
2023-08-30 10:47:12,054 [INFO] ApiDb:670 - CubeFinder database generation date=2023-08-09 (1691586011)
2023-08-30 10:47:12,054 [INFO] ApiDb:671 - CubeFinder database FW Pack versions=[FP-ATR-ASTRA1_V2.0.0, FP-SNS-FLIGHT1_V5.0.1, FP-SNS-FLIGHT1_V5.0.2, FP-SNS-MOTENV1_V4.3.1, FP-SNS-MOTENV1_V4.3.2, STM32Cube_FW_C0_V1.1.0, STM32Cube_FW_F4_V1.27.1, STM32Cube_FW_F7_V1.17.0, STM32Cube_FW_G0_V1.6.1, STM32Cube_FW_G4_V1.5.1, STM32Cube_FW_H5_V0.5.1, STM32Cube_FW_H5_V1.1.0, STM32Cube_FW_H7_V1.11.0, STM32Cube_FW_L0_V1.12.2, STM32Cube_FW_L5_V1.5.0, STM32Cube_FW_U5_V1.3.0, STM32Cube_FW_U5_V1.3.0RC4, STM32Cube_FW_WBA_V1.0.0RC1, STM32Cube_FW_WBA_V1.1.0, STM32Cube_FW_WBA_V1.1.0RC1, STM32Cube_FW_WB_V1.15.0RC1, STM32Cube_FW_WB_V1.16.0, STM32Cube_FW_WB_V1.16.0RC2, STM32Cube_FW_WB_V1.17.0, STM32Cube_FW_WL_V1.3.0, X-CUBE-ALGOBUILD_V1.3.0, X-CUBE-ALS_V1.0.1, X-CUBE-AZRTOS-F4_V1.1.0, X-CUBE-AZRTOS-F7_V1.1.0, X-CUBE-AZRTOS-G0_V1.1.0, X-CUBE-AZRTOS-G4_V2.0.0, X-CUBE-AZRTOS-H7_V3.1.0, X-CUBE-AZRTOS-L4_V1.0.0, X-CUBE-AZRTOS-L4_V2.0.0, X-CUBE-AZRTOS-L5_V1.1.0, X-CUBE-AZRTOS-WB_V1.1.0, X-CUBE-AZRTOS-WL_V2.0.0, X-CUBE-BLE1_V7.0.0, X-CUBE-BLE2_V3.3.0, X-CUBE-BLEMGR_V2.0.0, X-CUBE-EEPRMA1_V4.1.0, X-CUBE-FREERTOS_V1.1.0, X-CUBE-GNSS1_V6.0.0, X-CUBE-MEMS1_V9.1.0, X-CUBE-MEMS1_V9.4.0, X-CUBE-MEMS1_V9.6.0, X-CUBE-NFC4_V3.0.0, X-CUBE-NFC7_V1.0.0, X-CUBE-SFXS2LP1_V4.0.0, X-CUBE-SUBG2_V5.0.0, X-CUBE-TOF1_V3.3.1]
2023-08-30 10:47:12,115 [INFO] DbBoardsSqlite:226 - include board P-NUCLEO-WB55-NUCLEO as a kit item of type 'Nucleo-64'
2023-08-30 10:47:12,115 [INFO] DbBoardsSqlite:226 - include board P-NUCLEO-WB55-USBDONGLE as a kit item of type 'Nucleo USB Dongle'
2023-08-30 10:47:12,115 [INFO] DbBoardsSqlite:226 - include board STEVAL-IDP005V1 as a kit item of type 'Evaluation Board'
2023-08-30 10:47:12,116 [INFO] DbBoardsSqlite:226 - include board STEVAL-IDP005V2 as a kit item of type 'Evaluation Board'
2023-08-30 10:47:12,164 [INFO] ApiDb:240 - Found 323 in-development CPN: [B-G473E-ZEST1S, B-WB1M-WPAN1, B-WL5M-SUBG1, NUCLEO-C031C6, NUCLEO-H503RB, NUCLEO-H563ZI, NUCLEO-U545RE-Q, NUCLEO-U5A5ZJ-Q, NUCLEO-WBA52CG, STEVAL-PROTEUS1, STEVAL-SMARTAG2, STEVAL-STWINBX1, STM320518-EVAL, STM32C0116-DK, STM32C011D6Y3TR, STM32C011D6Y6TR, STM32C011F4P3, STM32C011F4P6, STM32C011F4U3, STM32C011F4U6TR, STM32C011F6P3, STM32C011F6P6, STM32C011F6U3, STM32C011F6U6TR, STM32C011J4M3, STM32C011J4M6, STM32C011J6M3, STM32C011J6M6, STM32C0316-DK, STM32C031C4T3, STM32C031C4T6, STM32C031C4U3, STM32C031C4U6, STM32C031C6T3, STM32C031C6T6, STM32C031C6U3, STM32C031C6U6, STM32C031F4P3, STM32C031F4P6, STM32C031F6P3, STM32C031F6P6, STM32C031G4U3, STM32C031G4U6, STM32C031G6U3, STM32C031G6U6, STM32C031K4T3, STM32C031K4T6, STM32C031K4U3, STM32C031K4U6, STM32C031K6T3, STM32C031K6T6, STM32C031K6U3, STM32C031K6U6, STM32G071K8TXN, STM32G071K8UXN, STM32G081GBU6N, STM32G081KBT6N, STM32G081KBUXN, STM32G0B1CCT6N, STM32G0B1KCT6, STM32G0B1NEY6TR, STM32G0B1RCT6N, STM32G0C1CCT6, STM32G0C1CCT6N, STM32G0C1CCU6N, STM32G0C1CET6N, STM32G0C1CEU6N, STM32G0C1KCT6, STM32G0C1NEY6TR, STM32G0C1RCI6N, STM32G0C1RCT6N, STM32G0C1REI6N, STM32G0C1RET6N, STM32G0C1VCI6, STM32G0C1VEI6, STM32G471CCT6, STM32G471CCU6, STM32G471CET3, STM32G471CET6, STM32G471CEU3, STM32G471CEU6, STM32G471MCT6, STM32G471MET3, STM32G471MET6, STM32G471MEY6TR, STM32G471QCT6, STM32G471QET3, STM32G471RCT6, STM32G471RET3, STM32G471RET6, STM32G471VCH6, STM32G471VCI6, STM32G471VCT6, STM32G471VEH3, STM32G471VEH6, STM32G471VEI3, STM32G471VEI6, STM32G471VET3, STM32G471VET6, STM32G474CCT6, STM32H503CBT6, STM32H503CBU6, STM32H503EBY6TR, STM32H503KBU6, STM32H503RBT6, STM32H562AGI6, STM32H562AII6, STM32H562IGK6, STM32H562IGT6, STM32H562IIK6, STM32H562IIT6, STM32H562RGT6, STM32H562RGV6, STM32H562RIT6, STM32H562RIV6, STM32H562VGT6, STM32H562VIT6, STM32H562ZGT6, STM32H562ZIT6, STM32H563AGI6, STM32H563AII3Q, STM32H563AII6, STM32H563IGK6, STM32H563IGT6, STM32H563IIK3Q, STM32H563IIK6, STM32H563IIT3Q, STM32H563IIT6, STM32H563MIY3QTR, STM32H563RGT6, STM32H563RGV6, STM32H563RIT6, STM32H563RIV6, STM32H563VGT6, STM32H563VIT3Q, STM32H563VIT6, STM32H563ZGT6, STM32H563ZIT3Q, STM32H563ZIT6, STM32H573AII3Q, STM32H573AII6, STM32H573I-DK, STM32H573IIK3Q, STM32H573IIK6, STM32H573IIT3Q, STM32H573IIT6, STM32H573MIY3QTR, STM32H573RIT6, STM32H573RIV6, STM32H573VIT3Q, STM32H573VIT6, STM32H573ZIT3Q, STM32H573ZIT6, STM32L4R5QGI6STR, STM32MP131AAE3, STM32MP131AAF3, STM32MP131AAG3, STM32MP131CAE3, STM32MP131CAF3, STM32MP131CAG3, STM32MP131DAE7, STM32MP131DAF7, STM32MP131DAG7, STM32MP131FAE7, STM32MP131FAF7, STM32MP131FAG7, STM32MP133AAE3, STM32MP133AAF3, STM32MP133AAG3, STM32MP133CAE3, STM32MP133CAF3, STM32MP133CAG3, STM32MP133DAE7, STM32MP133DAF7, STM32MP133DAG7, STM32MP133FAE7, STM32MP133FAF7, STM32MP133FAG7, STM32MP135AAE3, STM32MP135AAF3, STM32MP135AAG3, STM32MP135CAE3, STM32MP135CAF3, STM32MP135CAG3, STM32MP135DAE7, STM32MP135DAF7, STM32MP135DAG7, STM32MP135F-DK, STM32MP135FAE7, STM32MP135FAF7, STM32MP135FAF7T, STM32MP135FAF7U, STM32MP135FAG7, STM32U535CBT6, STM32U535CBT6Q, STM32U535CBU6, STM32U535CBU6Q, STM32U535CCT6, STM32U535CCT6Q, STM32U535CCU6, STM32U535CCU6Q, STM32U535CET6, STM32U535CET6Q, STM32U535CEU6, STM32U535CEU6Q, STM32U535JEY6QTR, STM32U535NCY6QTR, STM32U535NEY6QTR, STM32U535RBI6, STM32U535RBI6Q, STM32U535RBT6, STM32U535RBT6Q, STM32U535RCI6, STM32U535RCI6Q, STM32U535RCT6, STM32U535RCT6Q, STM32U535REI6, STM32U535REI6Q, STM32U535RET6, STM32U535RET6Q, STM32U535VCI6, STM32U535VCI6Q, STM32U535VCT6, STM32U535VCT6Q, STM32U535VEI6, STM32U535VEI6Q, STM32U535VET6, STM32U535VET6Q, STM32U545CET6, STM32U545CET6Q, STM32U545CEU6, STM32U545CEU6Q, STM32U545JEY6QTR, STM32U545NEY6QTR, STM32U545REI6, STM32U545REI6Q, STM32U545RET6, STM32U545RET6Q, STM32U545VEI6, STM32U545VEI6Q, STM32U545VET6, STM32U545VET6Q, STM32U595AIH6, STM32U595AIH6Q, STM32U595AJH6, STM32U595AJH6Q, STM32U595QII6, STM32U595QII6Q, STM32U595QJI6, STM32U595QJI6Q, STM32U595RIT6, STM32U595RIT6Q, STM32U595RJT6, STM32U595RJT6Q, STM32U595VIT6, STM32U595VIT6Q, STM32U595VJT6, STM32U595VJT6Q, STM32U595ZIT6, STM32U595ZIT6Q, STM32U595ZIY6QTR, STM32U595ZJT6, STM32U595ZJT6Q, STM32U595ZJY6QTR, STM32U599BJY6QTR, STM32U599NIH6Q, STM32U599NJH6Q, STM32U599VIT6Q, STM32U599VJT6, STM32U599VJT6Q, STM32U599ZIT6Q, STM32U599ZIY6QTR, STM32U599ZJT6Q, STM32U599ZJY6QTR, STM32U5A5AJH6, STM32U5A5AJH6Q, STM32U5A5QJI6, STM32U5A5QJI6Q, STM32U5A5RJT6, STM32U5A5RJT6Q, STM32U5A5VJT6, STM32U5A5VJT6Q, STM32U5A5ZJT6, STM32U5A5ZJT6Q, STM32U5A5ZJY6QTR, STM32U5A9BJY6QTR, STM32U5A9J-DK, STM32U5A9NJH6Q, STM32U5A9VJT6Q, STM32U5A9ZJT6Q, STM32U5A9ZJY6QTR, STM32U5F7VIT6, STM32U5F7VIT6Q, STM32U5F7VJT6, STM32U5F7VJT6Q, STM32U5F9BJY6QTR, STM32U5F9NJH6Q, STM32U5F9VIT6Q, STM32U5F9VJT6Q, STM32U5F9ZIJ6QTR, STM32U5F9ZIT6Q, STM32U5F9ZJJ6QTR, STM32U5F9ZJT6Q, STM32U5G7VJT6, STM32U5G7VJT6Q, STM32U5G9BJY6QTR, STM32U5G9J-DK1, STM32U5G9J-DK2, STM32U5G9NJH6Q, STM32U5G9VJT6Q, STM32U5G9ZJJ6QTR, STM32U5G9ZJT6Q, STM32WB1MMCH6, STM32WBA52CEU6, STM32WBA52CEU6T, STM32WBA52CGU6, STM32WBA52CGU6T, STM32WBA52KEU6, STM32WBA52KEU6T, STM32WBA52KGU6, STM32WBA52KGU6T, STM32WL5MOCH6, STM32WL5MOCH6TR]
2023-08-30 10:47:12,306 [INFO] BoardInfo:880 - No configuration file found for board P-NUCLEO-WB55
2023-08-30 10:47:12,306 [INFO] DbBoards:157 - Kit is not supported: P-NUCLEO-WB55
2023-08-30 10:47:12,313 [INFO] BoardInfo:880 - No configuration file found for board STEVAL-BFA001V1B
2023-08-30 10:47:12,313 [INFO] DbBoards:157 - Kit is not supported: STEVAL-BFA001V1B
2023-08-30 10:47:12,315 [INFO] BoardInfo:880 - No configuration file found for board STEVAL-BFA001V2B
2023-08-30 10:47:12,315 [INFO] DbBoards:157 - Kit is not supported: STEVAL-BFA001V2B
2023-08-30 10:47:12,396 [INFO] DbBoards:161 - Found 190 boards, 187 are supported
2023-08-30 10:47:12,399 [INFO] ApiDb:668 - CubeFinder database Data Model version=2.1
2023-08-30 10:47:12,399 [INFO] ApiDb:669 - CubeFinder database Configuration version=3.0.37
2023-08-30 10:47:12,399 [INFO] ApiDb:670 - CubeFinder database generation date=2023-08-09 (1691586011)
2023-08-30 10:47:12,399 [INFO] ApiDb:671 - CubeFinder database FW Pack versions=[FP-ATR-ASTRA1_V2.0.0, FP-SNS-FLIGHT1_V5.0.1, FP-SNS-FLIGHT1_V5.0.2, FP-SNS-MOTENV1_V4.3.1, FP-SNS-MOTENV1_V4.3.2, STM32Cube_FW_C0_V1.1.0, STM32Cube_FW_F4_V1.27.1, STM32Cube_FW_F7_V1.17.0, STM32Cube_FW_G0_V1.6.1, STM32Cube_FW_G4_V1.5.1, STM32Cube_FW_H5_V0.5.1, STM32Cube_FW_H5_V1.1.0, STM32Cube_FW_H7_V1.11.0, STM32Cube_FW_L0_V1.12.2, STM32Cube_FW_L5_V1.5.0, STM32Cube_FW_U5_V1.3.0, STM32Cube_FW_U5_V1.3.0RC4, STM32Cube_FW_WBA_V1.0.0RC1, STM32Cube_FW_WBA_V1.1.0, STM32Cube_FW_WBA_V1.1.0RC1, STM32Cube_FW_WB_V1.15.0RC1, STM32Cube_FW_WB_V1.16.0, STM32Cube_FW_WB_V1.16.0RC2, STM32Cube_FW_WB_V1.17.0, STM32Cube_FW_WL_V1.3.0, X-CUBE-ALGOBUILD_V1.3.0, X-CUBE-ALS_V1.0.1, X-CUBE-AZRTOS-F4_V1.1.0, X-CUBE-AZRTOS-F7_V1.1.0, X-CUBE-AZRTOS-G0_V1.1.0, X-CUBE-AZRTOS-G4_V2.0.0, X-CUBE-AZRTOS-H7_V3.1.0, X-CUBE-AZRTOS-L4_V1.0.0, X-CUBE-AZRTOS-L4_V2.0.0, X-CUBE-AZRTOS-L5_V1.1.0, X-CUBE-AZRTOS-WB_V1.1.0, X-CUBE-AZRTOS-WL_V2.0.0, X-CUBE-BLE1_V7.0.0, X-CUBE-BLE2_V3.3.0, X-CUBE-BLEMGR_V2.0.0, X-CUBE-EEPRMA1_V4.1.0, X-CUBE-FREERTOS_V1.1.0, X-CUBE-GNSS1_V6.0.0, X-CUBE-MEMS1_V9.1.0, X-CUBE-MEMS1_V9.4.0, X-CUBE-MEMS1_V9.6.0, X-CUBE-NFC4_V3.0.0, X-CUBE-NFC7_V1.0.0, X-CUBE-SFXS2LP1_V4.0.0, X-CUBE-SUBG2_V5.0.0, X-CUBE-TOF1_V3.3.1]
2023-08-30 10:47:12,427 [INFO] WebApp:753 - Register for checkConnection events
2023-08-30 10:47:12,427 [INFO] WebApp:390 - Apply proxy settings
2023-08-30 10:47:12,427 [INFO] WebApp:475 - Chromium requires no authentication
2023-08-30 10:47:12,436 [INFO] WebApp:418 - Direct internet connection detected
2023-08-30 10:47:12,568 [INFO] WebApp:188 - Starting web application
2023-08-30 10:47:12,568 [INFO] WebApp:520 - Web application path used C:\ST\STM32CubeIDE_1.13.1\STM32CubeIDE\plugins\com.st.stm32cube.common.mx_6.9.1.202307191849\db\plugins\mcufinder\reactClient1\index.html
2023-08-30 10:47:13,857 [INFO] ApiDb:240 - Found 323 in-development CPN: [B-G473E-ZEST1S, B-WB1M-WPAN1, B-WL5M-SUBG1, NUCLEO-C031C6, NUCLEO-H503RB, NUCLEO-H563ZI, NUCLEO-U545RE-Q, NUCLEO-U5A5ZJ-Q, NUCLEO-WBA52CG, STEVAL-PROTEUS1, STEVAL-SMARTAG2, STEVAL-STWINBX1, STM320518-EVAL, STM32C0116-DK, STM32C011D6Y3TR, STM32C011D6Y6TR, STM32C011F4P3, STM32C011F4P6, STM32C011F4U3, STM32C011F4U6TR, STM32C011F6P3, STM32C011F6P6, STM32C011F6U3, STM32C011F6U6TR, STM32C011J4M3, STM32C011J4M6, STM32C011J6M3, STM32C011J6M6, STM32C0316-DK, STM32C031C4T3, STM32C031C4T6, STM32C031C4U3, STM32C031C4U6, STM32C031C6T3, STM32C031C6T6, STM32C031C6U3, STM32C031C6U6, STM32C031F4P3, STM32C031F4P6, STM32C031F6P3, STM32C031F6P6, STM32C031G4U3, STM32C031G4U6, STM32C031G6U3, STM32C031G6U6, STM32C031K4T3, STM32C031K4T6, STM32C031K4U3, STM32C031K4U6, STM32C031K6T3, STM32C031K6T6, STM32C031K6U3, STM32C031K6U6, STM32G071K8TXN, STM32G071K8UXN, STM32G081GBU6N, STM32G081KBT6N, STM32G081KBUXN, STM32G0B1CCT6N, STM32G0B1KCT6, STM32G0B1NEY6TR, STM32G0B1RCT6N, STM32G0C1CCT6, STM32G0C1CCT6N, STM32G0C1CCU6N, STM32G0C1CET6N, STM32G0C1CEU6N, STM32G0C1KCT6, STM32G0C1NEY6TR, STM32G0C1RCI6N, STM32G0C1RCT6N, STM32G0C1REI6N, STM32G0C1RET6N, STM32G0C1VCI6, STM32G0C1VEI6, STM32G471CCT6, STM32G471CCU6, STM32G471CET3, STM32G471CET6, STM32G471CEU3, STM32G471CEU6, STM32G471MCT6, STM32G471MET3, STM32G471MET6, STM32G471MEY6TR, STM32G471QCT6, STM32G471QET3, STM32G471RCT6, STM32G471RET3, STM32G471RET6, STM32G471VCH6, STM32G471VCI6, STM32G471VCT6, STM32G471VEH3, STM32G471VEH6, STM32G471VEI3, STM32G471VEI6, STM32G471VET3, STM32G471VET6, STM32G474CCT6, STM32H503CBT6, STM32H503CBU6, STM32H503EBY6TR, STM32H503KBU6, STM32H503RBT6, STM32H562AGI6, STM32H562AII6, STM32H562IGK6, STM32H562IGT6, STM32H562IIK6, STM32H562IIT6, STM32H562RGT6, STM32H562RGV6, STM32H562RIT6, STM32H562RIV6, STM32H562VGT6, STM32H562VIT6, STM32H562ZGT6, STM32H562ZIT6, STM32H563AGI6, STM32H563AII3Q, STM32H563AII6, STM32H563IGK6, STM32H563IGT6, STM32H563IIK3Q, STM32H563IIK6, STM32H563IIT3Q, STM32H563IIT6, STM32H563MIY3QTR, STM32H563RGT6, STM32H563RGV6, STM32H563RIT6, STM32H563RIV6, STM32H563VGT6, STM32H563VIT3Q, STM32H563VIT6, STM32H563ZGT6, STM32H563ZIT3Q, STM32H563ZIT6, STM32H573AII3Q, STM32H573AII6, STM32H573I-DK, STM32H573IIK3Q, STM32H573IIK6, STM32H573IIT3Q, STM32H573IIT6, STM32H573MIY3QTR, STM32H573RIT6, STM32H573RIV6, STM32H573VIT3Q, STM32H573VIT6, STM32H573ZIT3Q, STM32H573ZIT6, STM32L4R5QGI6STR, STM32MP131AAE3, STM32MP131AAF3, STM32MP131AAG3, STM32MP131CAE3, STM32MP131CAF3, STM32MP131CAG3, STM32MP131DAE7, STM32MP131DAF7, STM32MP131DAG7, STM32MP131FAE7, STM32MP131FAF7, STM32MP131FAG7, STM32MP133AAE3, STM32MP133AAF3, STM32MP133AAG3, STM32MP133CAE3, STM32MP133CAF3, STM32MP133CAG3, STM32MP133DAE7, STM32MP133DAF7, STM32MP133DAG7, STM32MP133FAE7, STM32MP133FAF7, STM32MP133FAG7, STM32MP135AAE3, STM32MP135AAF3, STM32MP135AAG3, STM32MP135CAE3, STM32MP135CAF3, STM32MP135CAG3, STM32MP135DAE7, STM32MP135DAF7, STM32MP135DAG7, STM32MP135F-DK, STM32MP135FAE7, STM32MP135FAF7, STM32MP135FAF7T, STM32MP135FAF7U, STM32MP135FAG7, STM32U535CBT6, STM32U535CBT6Q, STM32U535CBU6, STM32U535CBU6Q, STM32U535CCT6, STM32U535CCT6Q, STM32U535CCU6, STM32U535CCU6Q, STM32U535CET6, STM32U535CET6Q, STM32U535CEU6, STM32U535CEU6Q, STM32U535JEY6QTR, STM32U535NCY6QTR, STM32U535NEY6QTR, STM32U535RBI6, STM32U535RBI6Q, STM32U535RBT6, STM32U535RBT6Q, STM32U535RCI6, STM32U535RCI6Q, STM32U535RCT6, STM32U535RCT6Q, STM32U535REI6, STM32U535REI6Q, STM32U535RET6, STM32U535RET6Q, STM32U535VCI6, STM32U535VCI6Q, STM32U535VCT6, STM32U535VCT6Q, STM32U535VEI6, STM32U535VEI6Q, STM32U535VET6, STM32U535VET6Q, STM32U545CET6, STM32U545CET6Q, STM32U545CEU6, STM32U545CEU6Q, STM32U545JEY6QTR, STM32U545NEY6QTR, STM32U545REI6, STM32U545REI6Q, STM32U545RET6, STM32U545RET6Q, STM32U545VEI6, STM32U545VEI6Q, STM32U545VET6, STM32U545VET6Q, STM32U595AIH6, STM32U595AIH6Q, STM32U595AJH6, STM32U595AJH6Q, STM32U595QII6, STM32U595QII6Q, STM32U595QJI6, STM32U595QJI6Q, STM32U595RIT6, STM32U595RIT6Q, STM32U595RJT6, STM32U595RJT6Q, STM32U595VIT6, STM32U595VIT6Q, STM32U595VJT6, STM32U595VJT6Q, STM32U595ZIT6, STM32U595ZIT6Q, STM32U595ZIY6QTR, STM32U595ZJT6, STM32U595ZJT6Q, STM32U595ZJY6QTR, STM32U599BJY6QTR, STM32U599NIH6Q, STM32U599NJH6Q, STM32U599VIT6Q, STM32U599VJT6, STM32U599VJT6Q, STM32U599ZIT6Q, STM32U599ZIY6QTR, STM32U599ZJT6Q, STM32U599ZJY6QTR, STM32U5A5AJH6, STM32U5A5AJH6Q, STM32U5A5QJI6, STM32U5A5QJI6Q, STM32U5A5RJT6, STM32U5A5RJT6Q, STM32U5A5VJT6, STM32U5A5VJT6Q, STM32U5A5ZJT6, STM32U5A5ZJT6Q, STM32U5A5ZJY6QTR, STM32U5A9BJY6QTR, STM32U5A9J-DK, STM32U5A9NJH6Q, STM32U5A9VJT6Q, STM32U5A9ZJT6Q, STM32U5A9ZJY6QTR, STM32U5F7VIT6, STM32U5F7VIT6Q, STM32U5F7VJT6, STM32U5F7VJT6Q, STM32U5F9BJY6QTR, STM32U5F9NJH6Q, STM32U5F9VIT6Q, STM32U5F9VJT6Q, STM32U5F9ZIJ6QTR, STM32U5F9ZIT6Q, STM32U5F9ZJJ6QTR, STM32U5F9ZJT6Q, STM32U5G7VJT6, STM32U5G7VJT6Q, STM32U5G9BJY6QTR, STM32U5G9J-DK1, STM32U5G9J-DK2, STM32U5G9NJH6Q, STM32U5G9VJT6Q, STM32U5G9ZJJ6QTR, STM32U5G9ZJT6Q, STM32WB1MMCH6, STM32WBA52CEU6, STM32WBA52CEU6T, STM32WBA52CGU6, STM32WBA52CGU6T, STM32WBA52KEU6, STM32WBA52KEU6T, STM32WBA52KGU6, STM32WBA52KGU6T, STM32WL5MOCH6, STM32WL5MOCH6TR]
2023-08-30 10:47:13,862 [INFO] DbMcus:217 - Found 3848 MCUs, 3848 are supported
2023-08-30 10:47:13,863 [INFO] ApiDb:423 - Load user favorites file C:\Users\phank/.stm32cubeide/favorites.mcus.txt: 0 item(s)
2023-08-30 10:47:13,863 [INFO] ApiDb:427 - User favorites MCUs=[]
2023-08-30 10:47:13,863 [INFO] DbMcus:223 - Set 0 / 0 favorites MCUs
2023-08-30 10:47:13,873 [WARN] PackLoader:240 - Cannot read IP mode file for STMicroelectronics.X-CUBE-SMBUS.2.1.0
2023-08-30 10:47:13,912 [WARN] PackLoader:240 - Cannot read IP mode file for STMicroelectronics.X-CUBE-AZRTOS-F7.1.1.0
2023-08-30 10:47:13,923 [WARN] PackLoader:240 - Cannot read IP mode file for STMicroelectronics.FP-SNS-MOTENV1.4.3.2
2023-08-30 10:47:13,929 [WARN] PackLoader:240 - Cannot read IP mode file for STMicroelectronics.FP-SNS-FLIGHT1.5.0.2
2023-08-30 10:47:13,936 [WARN] PackLoader:240 - Cannot read IP mode file for STMicroelectronics.X-CUBE-DISPLAY.3.0.0
2023-08-30 10:47:13,945 [WARN] PackLoader:240 - Cannot read IP mode file for STMicroelectronics.X-CUBE-BLE1.7.0.0
2023-08-30 10:47:13,950 [WARN] PackLoader:240 - Cannot read IP mode file for emotas.I-CUBE-CANOPEN.1.3.0
2023-08-30 10:47:13,953 [WARN] PackLoader:240 - Cannot read IP mode file for STMicroelectronics.X-CUBE-TOUCHGFX.4.22.0
2023-08-30 10:47:13,962 [INFO] LogOutputStream:77 - [STDOUT_REDIRECT] 1 : Invalid condition id : UX_CORESTACK_Condition cause : null
2023-08-30 10:47:13,962 [INFO] LogOutputStream:77 - [STDOUT_REDIRECT] 1 : Invalid condition id : UX_CORESTACK_Condition cause : null
2023-08-30 10:47:13,963 [INFO] LogOutputStream:77 - [STDOUT_REDIRECT] 1 : Invalid condition id : UX_CORESTACK_Condition cause : null
2023-08-30 10:47:13,964 [INFO] LogOutputStream:77 - [STDOUT_REDIRECT] 1 : Invalid condition id : UX_CORESTACK_Condition cause : null
2023-08-30 10:47:13,965 [INFO] LogOutputStream:77 - [STDOUT_REDIRECT] 1 : Invalid condition id : UX_CORESTACK_Condition cause : null
2023-08-30 10:47:13,968 [WARN] PackLoader:240 - Cannot read IP mode file for STMicroelectronics.X-CUBE-AZRTOS-WL.2.0.0
2023-08-30 10:47:13,975 [WARN] PackLoader:240 - Cannot read IP mode file for WES.I-CUBE-Cesium.1.3.0
2023-08-30 10:47:13,979 [WARN] PackLoader:240 - Cannot read IP mode file for STMicroelectronics.X-CUBE-BLE2.3.3.0
2023-08-30 10:47:13,985 [WARN] PackLoader:240 - Cannot read IP mode file for STMicroelectronics.X-CUBE-ALGOBUILD.1.3.0
2023-08-30 10:47:13,996 [WARN] PackLoader:240 - Cannot read IP mode file for STMicroelectronics.X-CUBE-AZRTOS-G0.1.1.0
2023-08-30 10:47:14,002 [WARN] PackLoader:240 - Cannot read IP mode file for STMicroelectronics.X-CUBE-NFC4.3.0.0
2023-08-30 10:47:14,005 [WARN] PackLoader:240 - Cannot read IP mode file for STMicroelectronics.FP-ATR-SIGFOX1.3.2.0
2023-08-30 10:47:14,010 [WARN] PackLoader:240 - Cannot read IP mode file for STMicroelectronics.X-CUBE-GNSS1.6.0.0
2023-08-30 10:47:14,026 [WARN] PackLoader:240 - Cannot read IP mode file for STMicroelectronics.X-CUBE-AZRTOS-F4.1.1.0
2023-08-30 10:47:14,032 [WARN] PackLoader:240 - Cannot read IP mode file for wolfSSL.I-CUBE-wolfSSL.5.6.3
2023-08-30 10:47:14,055 [WARN] PackLoader:240 - Cannot read IP mode file for STMicroelectronics.X-CUBE-AZRTOS-L5.2.0.0
2023-08-30 10:47:14,103 [WARN] PackLoader:240 - Cannot read IP mode file for STMicroelectronics.X-CUBE-MEMS1.9.6.0
2023-08-30 10:47:14,110 [INFO] ApiDb:414 - User favorites file not found: C:\Users\phank/.stm32cubeide/favorites.boards.txt
2023-08-30 10:47:14,111 [INFO] DbBoards:190 - Set 0 / 0 favorites Boards
2023-08-30 10:47:14,111 [INFO] McuFinderGlobals:76 - Set McuFinderConnectedMode to true
2023-08-30 10:47:14,129 [INFO] MultiScanPanel:200 - Auto-refresh data requested => check proxy status ongoing
2023-08-30 10:47:14,131 [INFO] FinderPluginLoader:95 - Searching for filters in installed packs
2023-08-30 10:47:14,248 [WARN] PackLoader:240 - Cannot read IP mode file for STMicroelectronics.X-CUBE-BLEMGR.2.0.0
2023-08-30 10:47:14,259 [WARN] ConditionMgr:438 - getConditionDescription Invalid condition id : UX DEVICE CLASS RTOS Condition cause : null
2023-08-30 10:47:14,259 [WARN] ConditionMgr:438 - getConditionDescription Invalid condition id : UX DEVICE CLASS RTOS Condition cause : null
2023-08-30 10:47:14,261 [WARN] PackLoader:240 - Cannot read IP mode file for STMicroelectronics.X-CUBE-AZRTOS-H7.3.1.0
2023-08-30 10:47:14,262 [WARN] ConditionMgr:1039 - genDependencies : Invalid condition id : UX DEVICE CLASS RTOS Condition cause : null
2023-08-30 10:47:14,262 [WARN] ConditionMgr:1039 - genDependencies : Invalid condition id : UX DEVICE CLASS RTOS Condition cause : null
2023-08-30 10:47:14,263 [WARN] ConditionMgr:1039 - genDependencies : Invalid condition id : UX DEVICE CLASS RTOS Condition cause : null
2023-08-30 10:47:14,264 [WARN] ConditionMgr:1039 - genDependencies : Invalid condition id : UX DEVICE CLASS RTOS Condition cause : null
2023-08-30 10:47:14,264 [WARN] ConditionMgr:1039 - genDependencies : Invalid condition id : UX DEVICE CLASS RTOS Condition cause : null
2023-08-30 10:47:14,269 [WARN] PackLoader:240 - Cannot read IP mode file for STMicroelectronics.X-CUBE-NFC7.1.0.1
2023-08-30 10:47:14,275 [WARN] PackLoader:240 - Cannot read IP mode file for STMicroelectronics.X-CUBE-EEPRMA1.4.1.0
2023-08-30 10:47:14,279 [WARN] PackLoader:240 - Cannot read IP mode file for STMicroelectronics.X-CUBE-AI.8.1.0
2023-08-30 10:47:14,291 [WARN] ConditionMgr:438 - getConditionDescription Invalid condition id : LAN8742 Phy interface Condition cause : null
2023-08-30 10:47:14,291 [WARN] PackLoader:240 - Cannot read IP mode file for STMicroelectronics.X-CUBE-AZRTOS-L4.2.0.0
2023-08-30 10:47:14,292 [WARN] ConditionMgr:1039 - genDependencies : Invalid condition id : LAN8742 Phy interface Condition cause : null
2023-08-30 10:47:14,292 [WARN] ConditionMgr:1039 - genDependencies : Invalid condition id : LAN8742 Phy interface Condition cause : null
2023-08-30 10:47:14,293 [WARN] ConditionMgr:1039 - genDependencies : Invalid condition id : LAN8742 Phy interface Condition cause : null
2023-08-30 10:47:14,298 [WARN] PackLoader:240 - Cannot read IP mode file for STMicroelectronics.X-CUBE-SFXS2LP1.4.0.0
2023-08-30 10:47:14,303 [WARN] PackLoader:240 - Cannot read IP mode file for STMicroelectronics.X-CUBE-ISPU.1.1.0
2023-08-30 10:47:14,315 [WARN] ConditionMgr:438 - getConditionDescription Invalid condition id : UX DEVICE CLASS RTOS Condition cause : null
2023-08-30 10:47:14,316 [WARN] ConditionMgr:438 - getConditionDescription Invalid condition id : UX DEVICE CLASS RTOS Condition cause : null
2023-08-30 10:47:14,318 [WARN] PackLoader:240 - Cannot read IP mode file for STMicroelectronics.X-CUBE-AZRTOS-WB.2.0.0
2023-08-30 10:47:14,319 [WARN] ConditionMgr:1039 - genDependencies : Invalid condition id : UX DEVICE CLASS RTOS Condition cause : null
2023-08-30 10:47:14,319 [WARN] ConditionMgr:1039 - genDependencies : Invalid condition id : UX DEVICE CLASS RTOS Condition cause : null
2023-08-30 10:47:14,320 [WARN] ConditionMgr:1039 - genDependencies : Invalid condition id : UX DEVICE CLASS RTOS Condition cause : null
2023-08-30 10:47:14,320 [WARN] ConditionMgr:1039 - genDependencies : Invalid condition id : UX DEVICE CLASS RTOS Condition cause : null
2023-08-30 10:47:14,320 [WARN] ConditionMgr:1039 - genDependencies : Invalid condition id : UX DEVICE CLASS RTOS Condition cause : null
2023-08-30 10:47:14,329 [WARN] PackLoader:240 - Cannot read IP mode file for STMicroelectronics.X-CUBE-SUBG2.5.0.0
2023-08-30 10:47:14,345 [WARN] PackLoader:240 - Cannot read IP mode file for STMicroelectronics.X-CUBE-TOF1.3.3.1
2023-08-30 10:47:14,376 [WARN] PackLoader:240 - Cannot read IP mode file for STMicroelectronics.X-CUBE-AZRTOS-G4.2.0.0
2023-08-30 10:47:14,384 [WARN] PackLoader:240 - Cannot read IP mode file for STMicroelectronics.X-CUBE-FREERTOS.1.1.0
2023-08-30 10:47:14,389 [WARN] PackLoader:240 - Cannot read IP mode file for portGmbH.I-Cube-SoM-uGOAL.1.1.0
2023-08-30 10:47:14,394 [WARN] PackLoader:240 - Cannot read IP mode file for STMicroelectronics.X-CUBE-ALS.1.0.1
2023-08-30 10:47:14,400 [WARN] PackLoader:240 - Cannot read IP mode file for STMicroelectronics.FP-ATR-ASTRA1.2.0.0
2023-08-30 10:47:14,400 [INFO] ThirdParty:978 - Integrity check success = true
2023-08-30 10:47:14,401 [INFO] IntegrityCheckThread:100 - exiting critical section [integrity check]
2023-08-30 10:47:14,401 [INFO] IntegrityCheckThread:103 - End integrity checks thread
2023-08-30 10:47:15,305 [INFO] LoadUrlFilesThread:185 - End of LoadServerUrlFiles without Thread
2023-08-30 10:47:15,318 [INFO] DetailPanel:341 - Set advertising image to C:/Users/phank/STM32Cube/Repository/\en.prom-stm32h5-mcu-finder.jpg
2023-08-30 10:47:33,061 [ERROR] LogOutputStream:75 - [STDERR_REDIRECT] SLF4J: Failed to load class "org.slf4j.impl.StaticLoggerBinder".
2023-08-30 10:47:33,061 [ERROR] LogOutputStream:75 - [STDERR_REDIRECT] SLF4J: Defaulting to no-operation (NOP) logger implementation
2023-08-30 10:47:33,062 [ERROR] LogOutputStream:75 - [STDERR_REDIRECT] SLF4J: See http://www.slf4j.org/codes.html#StaticLoggerBinder for further details.
2023-08-30 10:48:19,175 [INFO] MainUpdater:2868 - connection check result : 10
2023-08-30 10:48:19,176 [INFO] MainUpdater:2868 - connection check result : 10
2023-08-30 10:48:19,205 [INFO] MicroXplorer:468 - Change Database Path : 
2023-08-30 10:48:19,205 [INFO] MicroXplorer:498 - Change Database Version : DB.6.0.91
2023-08-30 10:48:19,210 [WARN] ThirdParty:871 - waiting for thirdparty lock release [close project]
2023-08-30 10:48:19,210 [INFO] ThirdParty:873 - entering critical section [close project]
2023-08-30 10:48:19,212 [INFO] ThirdParty:883 - exiting critical section [close project]
2023-08-30 10:48:19,214 [INFO] PinOutPanel:1499 - setPackage(No Configuration,No Configuration)
2023-08-30 10:48:19,221 [INFO] UtilMem:75 - Begin LoadConfig() Used Memory: 365319376 Bytes (542113792)
2023-08-30 10:48:19,222 [INFO] MicroXplorer:468 - Change Database Path : 
2023-08-30 10:48:19,222 [INFO] MicroXplorer:498 - Change Database Version : DB.6.0.91
2023-08-30 10:48:19,222 [INFO] OpenFileManager:308 - Change cursor
2023-08-30 10:48:19,264 [INFO] Mcu:1946 - Initializing MCU STM32L152RBTx STM32L152RBTx STM32L152RBT6
2023-08-30 10:48:20,163 [INFO] Context:659 - Trying to add GPIOservice into a context  which must be forbidden
2023-08-30 10:48:20,361 [INFO] ImportTextPane:194 - (OptionalMessage_ERROR) Unable to find key (Mcu.ThirdPartyNb) in loaded IOC file
2023-08-30 10:48:20,361 [INFO] ImportTextPane:194 - (OptionalMessage_ERROR) Unable to find key (Mcu.PinsNb) in loaded IOC file
2023-08-30 10:48:20,361 [INFO] ImportTextPane:194 - (OptionalMessage_ERROR) Unable to find key (Mcu.IPNb) in loaded IOC file
2023-08-30 10:48:20,508 [INFO] RtosManager:555 - Registered RTOS mode: class=CMSIS, group=RTOS, mode=CMSIS_V1, owner=FREERTOS
2023-08-30 10:48:20,508 [INFO] RtosManager:555 - Registered RTOS mode: class=CMSIS, group=RTOS2, mode=CMSIS_V2, owner=FREERTOS
2023-08-30 10:48:20,508 [INFO] RtosManager:555 - Registered RTOS mode: class=RTOS, group=Core, mode=CMSIS_V1, owner=FREERTOS
2023-08-30 10:48:20,508 [INFO] RtosManager:555 - Registered RTOS mode: class=RTOS, group=Core, mode=CMSIS_V2, owner=FREERTOS
2023-08-30 10:48:20,508 [WARN] ModelIntegratedComponent:184 - Missing modes for component STMicroelectronics:FreeRTOS:0.0.1:STMicroelectronics:RTOS:FreeRTOS:Core:::10.2.0:
2023-08-30 10:48:20,515 [WARN] ModelIntegratedComponent:63 - No mode defined for component null
2023-08-30 10:48:20,515 [WARN] ModelIntegratedComponent:63 - No mode defined for component null
2023-08-30 10:48:20,515 [WARN] ModelIntegratedComponent:63 - No mode defined for component null
2023-08-30 10:48:20,515 [WARN] ModelIntegratedComponent:63 - No mode defined for component null
2023-08-30 10:48:20,516 [WARN] ModelIntegratedComponent:63 - No mode defined for component null
2023-08-30 10:48:20,516 [WARN] ModelIntegratedComponent:63 - No mode defined for component null
2023-08-30 10:48:20,516 [WARN] ModelIntegratedComponent:63 - No mode defined for component null
2023-08-30 10:48:20,516 [WARN] ModelIntegratedComponent:63 - No mode defined for component null
2023-08-30 10:48:20,516 [WARN] ModelIntegratedComponent:63 - No mode defined for component null
2023-08-30 10:48:20,516 [WARN] ModelIntegratedComponent:63 - No mode defined for component null
2023-08-30 10:48:20,516 [WARN] ModelIntegratedComponent:63 - No mode defined for component null
2023-08-30 10:48:20,516 [WARN] ModelIntegratedComponent:63 - No mode defined for component null
2023-08-30 10:48:20,516 [WARN] ModelIntegratedComponent:63 - No mode defined for component null
2023-08-30 10:48:20,516 [WARN] ModelIntegratedComponent:63 - No mode defined for component null
2023-08-30 10:48:20,516 [WARN] ModelIntegratedComponent:63 - No mode defined for component null
2023-08-30 10:48:20,516 [WARN] ModelIntegratedComponent:63 - No mode defined for component null
2023-08-30 10:48:20,516 [WARN] ModelIntegratedComponent:63 - No mode defined for component null
2023-08-30 10:48:20,516 [WARN] ModelIntegratedComponent:63 - No mode defined for component null
2023-08-30 10:48:20,516 [WARN] ModelIntegratedComponent:63 - No mode defined for component null
2023-08-30 10:48:20,516 [WARN] ModelIntegratedComponent:63 - No mode defined for component null
2023-08-30 10:48:20,516 [WARN] ModelIntegratedComponent:63 - No mode defined for component null
2023-08-30 10:48:20,516 [WARN] ModelIntegratedComponent:63 - No mode defined for component null
2023-08-30 10:48:20,516 [WARN] ModelIntegratedComponent:63 - No mode defined for component null
2023-08-30 10:48:20,516 [WARN] ModelIntegratedComponent:63 - No mode defined for component null
2023-08-30 10:48:20,516 [WARN] ModelIntegratedComponent:63 - No mode defined for component null
2023-08-30 10:48:20,516 [WARN] ModelIntegratedComponent:63 - No mode defined for component null
2023-08-30 10:48:20,516 [WARN] ModelIntegratedComponent:63 - No mode defined for component null
2023-08-30 10:48:20,516 [WARN] ModelIntegratedComponent:63 - No mode defined for component null
2023-08-30 10:48:20,516 [WARN] ModelIntegratedComponent:63 - No mode defined for component null
2023-08-30 10:48:20,516 [WARN] ModelIntegratedComponent:63 - No mode defined for component null
2023-08-30 10:48:20,517 [WARN] ModelIntegratedComponent:63 - No mode defined for component null
2023-08-30 10:48:20,517 [WARN] ModelIntegratedComponent:63 - No mode defined for component null
2023-08-30 10:48:20,517 [WARN] ModelIntegratedComponent:63 - No mode defined for component null
2023-08-30 10:48:20,527 [INFO] ThirdPartyModel:298 - Start build external matchings
2023-08-30 10:48:20,695 [INFO] ThirdPartyModel:316 - End build external matchings
2023-08-30 10:48:20,883 [INFO] UtilMem:75 - End LoadConfig() Used Memory: 321391856 Bytes (542113792)
2023-08-30 10:48:20,898 [WARN] ThirdParty:833 - waiting for thirdparty lock release [change project]
2023-08-30 10:48:20,898 [INFO] ThirdParty:835 - entering critical section [change project]
2023-08-30 10:48:20,899 [INFO] ThirdParty:1030 - CMSIS Pack Vendor :STMicroelectronics X-CUBE-ISPU 1.1.0
2023-08-30 10:48:20,899 [INFO] ThirdParty:1030 - CMSIS Pack Vendor :STMicroelectronics USBPD 4.1
2023-08-30 10:48:20,899 [INFO] ThirdParty:1030 - CMSIS Pack Vendor :STMicroelectronics X-CUBE-GNSS1 6.0.0
2023-08-30 10:48:20,899 [INFO] ThirdParty:1030 - CMSIS Pack Vendor :STMicroelectronics USB_HOST 2.0.0
2023-08-30 10:48:20,899 [INFO] ThirdParty:1030 - CMSIS Pack Vendor :STMicroelectronics X-CUBE-AZRTOS-F4 1.1.0
2023-08-30 10:48:20,899 [INFO] ThirdParty:1030 - CMSIS Pack Vendor :STMicroelectronics LIBJPEG 8.0.0
2023-08-30 10:48:20,899 [INFO] ThirdParty:1030 - CMSIS Pack Vendor :wolfSSL I-CUBE-wolfSSL 5.6.3
2023-08-30 10:48:20,899 [INFO] ThirdParty:1030 - CMSIS Pack Vendor :STMicroelectronics X-CUBE-SMBUS 2.1.0
2023-08-30 10:48:20,899 [INFO] ThirdParty:1030 - CMSIS Pack Vendor :STMicroelectronics USB_DEVICE 3.0.0
2023-08-30 10:48:20,899 [INFO] ThirdParty:1030 - CMSIS Pack Vendor :STMicroelectronics X-CUBE-AZRTOS-WB 2.0.0
2023-08-30 10:48:20,899 [INFO] ThirdParty:1030 - CMSIS Pack Vendor :STMicroelectronics X-CUBE-AZRTOS-F7 1.1.0
2023-08-30 10:48:20,899 [INFO] ThirdParty:1030 - CMSIS Pack Vendor :STMicroelectronics X-CUBE-AZRTOS-L5 2.0.0
2023-08-30 10:48:20,899 [INFO] ThirdParty:1030 - CMSIS Pack Vendor :STMicroelectronics USB_DEVICE 2.0.0
2023-08-30 10:48:20,899 [INFO] ThirdParty:1030 - CMSIS Pack Vendor :STMicroelectronics X-CUBE-MEMS1 9.6.0
2023-08-30 10:48:20,899 [INFO] ThirdParty:1030 - CMSIS Pack Vendor :STMicroelectronics FP-SNS-MOTENV1 4.3.2
2023-08-30 10:48:20,899 [INFO] ThirdParty:1030 - CMSIS Pack Vendor :STMicroelectronics X-CUBE-ALGOBUILD 1.3.0
2023-08-30 10:48:20,899 [INFO] ThirdParty:1030 - CMSIS Pack Vendor :STMicroelectronics FreeRTOS 0.0.1
2023-08-30 10:48:20,899 [INFO] ThirdParty:1030 - CMSIS Pack Vendor :STMicroelectronics X-CUBE-AZRTOS-G0 1.1.0
2023-08-30 10:48:20,899 [INFO] ThirdParty:1030 - CMSIS Pack Vendor :STMicroelectronics X-CUBE-BLEMGR 2.0.0
2023-08-30 10:48:20,899 [INFO] ThirdParty:1030 - CMSIS Pack Vendor :STMicroelectronics X-CUBE-NFC4 3.0.0
2023-08-30 10:48:20,899 [INFO] ThirdParty:1030 - CMSIS Pack Vendor :STMicroelectronics X-CUBE-SUBG2 5.0.0
2023-08-30 10:48:20,900 [INFO] ThirdParty:1030 - CMSIS Pack Vendor :STMicroelectronics STM32_WPAN 1.0.0
2023-08-30 10:48:20,900 [INFO] ThirdParty:1030 - CMSIS Pack Vendor :STMicroelectronics lwIP 2.0.3
2023-08-30 10:48:20,900 [INFO] ThirdParty:1030 - CMSIS Pack Vendor :STMicroelectronics FP-SNS-FLIGHT1 5.0.2
2023-08-30 10:48:20,900 [INFO] ThirdParty:1030 - CMSIS Pack Vendor :STMicroelectronics USB_HOST 1.0.0
2023-08-30 10:48:20,900 [INFO] ThirdParty:1030 - CMSIS Pack Vendor :STMicroelectronics X-CUBE-TOF1 3.3.1
2023-08-30 10:48:20,900 [INFO] ThirdParty:1030 - CMSIS Pack Vendor :STMicroelectronics X-CUBE-AZRTOS-G4 2.0.0
2023-08-30 10:48:20,900 [INFO] ThirdParty:1030 - CMSIS Pack Vendor :STMicroelectronics PDM2PCM 3.1.0
2023-08-30 10:48:20,900 [INFO] ThirdParty:1030 - CMSIS Pack Vendor :STMicroelectronics X-CUBE-AZRTOS-H7 3.1.0
2023-08-30 10:48:20,900 [INFO] ThirdParty:1030 - CMSIS Pack Vendor :STMicroelectronics PDM2PCM 3.3.0
2023-08-30 10:48:20,900 [INFO] ThirdParty:1030 - CMSIS Pack Vendor :STMicroelectronics X-CUBE-DISPLAY 3.0.0
2023-08-30 10:48:20,900 [INFO] ThirdParty:1030 - CMSIS Pack Vendor :STMicroelectronics X-CUBE-BLE1 7.0.0
2023-08-30 10:48:20,900 [INFO] ThirdParty:1030 - CMSIS Pack Vendor :STMicroelectronics FP-ATR-SIGFOX1 3.2.0
2023-08-30 10:48:20,900 [INFO] ThirdParty:1030 - CMSIS Pack Vendor :STMicroelectronics HAL Drivers 0.0.0
2023-08-30 10:48:20,900 [INFO] ThirdParty:1030 - CMSIS Pack Vendor :STMicroelectronics MBEDTLS 2.16.2
2023-08-30 10:48:20,900 [INFO] ThirdParty:1030 - CMSIS Pack Vendor :emotas I-CUBE-CANOPEN 1.3.0
2023-08-30 10:48:20,900 [INFO] ThirdParty:1030 - CMSIS Pack Vendor :STMicroelectronics X-CUBE-FREERTOS 1.1.0
2023-08-30 10:48:20,900 [INFO] ThirdParty:1030 - CMSIS Pack Vendor :STMicroelectronics X-CUBE-TOUCHGFX 4.22.0
2023-08-30 10:48:20,900 [INFO] ThirdParty:1030 - CMSIS Pack Vendor :STMicroelectronics X-CUBE-NFC7 1.0.1
2023-08-30 10:48:20,900 [INFO] ThirdParty:1030 - CMSIS Pack Vendor :STMicroelectronics MBEDTLS 2.14.1
2023-08-30 10:48:20,901 [INFO] ThirdParty:1030 - CMSIS Pack Vendor :STMicroelectronics X-CUBE-EEPRMA1 4.1.0
2023-08-30 10:48:20,901 [INFO] ThirdParty:1030 - CMSIS Pack Vendor :portGmbH I-Cube-SoM-uGOAL 1.1.0
2023-08-30 10:48:20,901 [INFO] ThirdParty:1030 - CMSIS Pack Vendor :STMicroelectronics X-CUBE-ALS 1.0.1
2023-08-30 10:48:20,901 [INFO] ThirdParty:1030 - CMSIS Pack Vendor :STMicroelectronics ThreadX 1.0.0
2023-08-30 10:48:20,901 [INFO] ThirdParty:1030 - CMSIS Pack Vendor :STMicroelectronics X-CUBE-AZRTOS-WL 2.0.0
2023-08-30 10:48:20,901 [INFO] ThirdParty:1030 - CMSIS Pack Vendor :STMicroelectronics USB_DEVICE 1.0.0
2023-08-30 10:48:20,901 [INFO] ThirdParty:1030 - CMSIS Pack Vendor :STMicroelectronics X-CUBE-AI 8.1.0
2023-08-30 10:48:20,901 [INFO] ThirdParty:1030 - CMSIS Pack Vendor :STMicroelectronics X-CUBE-AZRTOS-L4 2.0.0
2023-08-30 10:48:20,901 [INFO] ThirdParty:1030 - CMSIS Pack Vendor :STMicroelectronics ThreadX 0.0.2
2023-08-30 10:48:20,901 [INFO] ThirdParty:1030 - CMSIS Pack Vendor :WES I-CUBE-Cesium 1.3.0
2023-08-30 10:48:20,901 [INFO] ThirdParty:1030 - CMSIS Pack Vendor :STMicroelectronics FP-ATR-ASTRA1 2.0.0
2023-08-30 10:48:20,901 [INFO] ThirdParty:1030 - CMSIS Pack Vendor :STMicroelectronics lwIP 2.1.2
2023-08-30 10:48:20,901 [INFO] ThirdParty:1030 - CMSIS Pack Vendor :STMicroelectronics X-CUBE-SFXS2LP1 4.0.0
2023-08-30 10:48:20,901 [INFO] ThirdParty:1030 - CMSIS Pack Vendor :STMicroelectronics X-CUBE-BLE2 3.3.0
2023-08-30 10:48:20,901 [INFO] ThirdParty:1030 - CMSIS Pack Vendor :STMicroelectronics PDM2PCM 3.2.0
2023-08-30 10:48:20,901 [INFO] ThirdParty:841 - exiting critical section [change project]
2023-08-30 10:48:21,122 [INFO] PinOutPanel:1499 - setPackage(No Configuration,No Configuration)
2023-08-30 10:48:21,123 [INFO] PinOutPanel:1499 - setPackage(STM32L152RBTx,LQFP64)
2023-08-30 10:48:21,458 [INFO] UtilMem:75 - Before build in PCC Used Memory: 252502192 Bytes (542113792)
2023-08-30 10:48:21,985 [INFO] UtilMem:75 - After build in PCC Used Memory: 336388272 Bytes (542113792)
2023-08-30 10:48:22,007 [INFO] IPUIPlugin:80 - create IPUIPlugin
2023-08-30 10:48:22,007 [INFO] IPUIPlugin:80 - create IPUIPlugin
2023-08-30 10:48:22,007 [INFO] IPUIPlugin:80 - create IPUIPlugin
2023-08-30 10:48:22,008 [INFO] IPUIPlugin:80 - create IPUIPlugin
2023-08-30 10:48:22,008 [INFO] IPUIPlugin:80 - create IPUIPlugin
2023-08-30 10:48:22,008 [INFO] IPUIPlugin:80 - create IPUIPlugin
2023-08-30 10:48:22,008 [INFO] IPUIPlugin:80 - create IPUIPlugin
2023-08-30 10:48:22,008 [INFO] IPUIPlugin:80 - create IPUIPlugin
2023-08-30 10:48:22,008 [INFO] IPUIPlugin:80 - create IPUIPlugin
2023-08-30 10:48:22,008 [INFO] IPUIPlugin:80 - create IPUIPlugin
2023-08-30 10:48:22,008 [INFO] IPUIPlugin:80 - create IPUIPlugin
2023-08-30 10:48:22,009 [INFO] IPUIPlugin:80 - create IPUIPlugin
2023-08-30 10:48:22,009 [INFO] IPUIPlugin:80 - create IPUIPlugin
2023-08-30 10:48:22,009 [INFO] IPUIPlugin:80 - create IPUIPlugin
2023-08-30 10:48:22,009 [INFO] IPUIPlugin:80 - create IPUIPlugin
2023-08-30 10:48:22,009 [INFO] IPUIPlugin:80 - create IPUIPlugin
2023-08-30 10:48:22,009 [INFO] IPUIPlugin:80 - create IPUIPlugin
2023-08-30 10:48:22,010 [INFO] IPUIPlugin:80 - create IPUIPlugin
2023-08-30 10:48:22,010 [INFO] IPUIPlugin:80 - create IPUIPlugin
2023-08-30 10:48:22,010 [INFO] IPUIPlugin:80 - create IPUIPlugin
2023-08-30 10:48:22,010 [INFO] IPUIPlugin:80 - create IPUIPlugin
2023-08-30 10:48:22,010 [INFO] IPUIPlugin:80 - create IPUIPlugin
2023-08-30 10:48:22,010 [INFO] IPUIPlugin:80 - create IPUIPlugin
2023-08-30 10:48:22,010 [INFO] IPUIPlugin:80 - create IPUIPlugin
2023-08-30 10:48:22,010 [INFO] IPUIPlugin:80 - create IPUIPlugin
2023-08-30 10:48:22,011 [INFO] IPUIPlugin:80 - create IPUIPlugin
2023-08-30 10:48:22,011 [INFO] IPUIPlugin:80 - create IPUIPlugin
2023-08-30 10:48:22,011 [INFO] IPUIPlugin:80 - create IPUIPlugin
2023-08-30 10:48:22,011 [INFO] IPUIPlugin:80 - create IPUIPlugin
2023-08-30 10:48:22,011 [INFO] IPUIPlugin:80 - create IPUIPlugin
2023-08-30 10:48:22,011 [INFO] IPUIPlugin:80 - create IPUIPlugin
2023-08-30 10:48:22,012 [INFO] IPUIPlugin:80 - create IPUIPlugin
2023-08-30 10:48:22,012 [INFO] IPUIPlugin:80 - create IPUIPlugin
2023-08-30 10:48:22,012 [INFO] IPUIPlugin:80 - create IPUIPlugin
2023-08-30 10:48:22,012 [INFO] IPUIPlugin:80 - create IPUIPlugin
2023-08-30 10:48:22,135 [INFO] CADModel:165 - CPN selected for project levelSTM32L152RBT6
2023-08-30 10:48:22,135 [INFO] CADModel:114 - Register for checkConnection events
2023-08-30 10:48:22,183 [INFO] OpenFileManager:328 - Restore cursor
2023-08-30 10:48:22,734 [INFO] UtilMem:75 - End SaveConfig() Used Memory: 438100144 Bytes (542113792)
2023-08-30 10:49:12,404 [INFO] MainUpdater:2868 - connection check result : 10
2023-08-30 10:49:12,405 [INFO] WebApp:390 - Apply proxy settings
2023-08-30 10:49:12,405 [INFO] WebApp:475 - Chromium requires no authentication
2023-08-30 10:49:12,405 [INFO] WebApp:418 - Direct internet connection detected
2023-08-30 10:49:12,405 [INFO] WebApp:312 - Starting web application
2023-08-30 10:49:12,405 [INFO] WebApp:520 - Web application path used C:\ST\STM32CubeIDE_1.13.1\STM32CubeIDE\plugins\com.st.stm32cube.common.mx_6.9.1.202307191849\db\plugins\mcufinder\reactClient1\index.html
2023-08-30 10:49:12,427 [INFO] UserAuth:393 - Internet connection configuration mode: 1
2023-08-30 10:50:00,821 [INFO] McuFinderGlobals:76 - Set McuFinderConnectedMode to true
2023-08-30 10:50:00,825 [INFO] ApiDb:448 - Save user favorites file C:\Users\phank/.stm32cubeide/favorites.mcus.txt: 0 item(s)
2023-08-30 10:50:00,825 [INFO] ApiDb:452 - User favorites MCUs=[]
2023-08-30 10:53:02,875 [ERROR] LogOutputStream:75 - [STDERR_REDIRECT] Exception in thread "AWT-EventQueue-0" java.awt.IllegalComponentStateException: component must be showing on the screen to determine its location
2023-08-30 10:53:02,876 [ERROR] LogOutputStream:75 - [STDERR_REDIRECT] 	at java.desktop/java.awt.Component.getLocationOnScreen_NoTreeLock(Component.java:2113)
2023-08-30 10:53:02,877 [ERROR] LogOutputStream:75 - [STDERR_REDIRECT] 	at java.desktop/java.awt.Component.getLocationOnScreen(Component.java:2087)
2023-08-30 10:53:02,878 [ERROR] LogOutputStream:75 - [STDERR_REDIRECT] 	at java.desktop/javax.swing.JPopupMenu.show(JPopupMenu.java:963)
2023-08-30 10:53:02,879 [ERROR] LogOutputStream:75 - [STDERR_REDIRECT] 	at java.desktop/javax.swing.plaf.basic.BasicComboPopup.show(BasicComboPopup.java:235)
2023-08-30 10:53:02,881 [ERROR] LogOutputStream:75 - [STDERR_REDIRECT] 	at java.desktop/javax.swing.plaf.basic.BasicComboPopup.togglePopup(BasicComboPopup.java:1257)
2023-08-30 10:53:02,882 [ERROR] LogOutputStream:75 - [STDERR_REDIRECT] 	at java.desktop/javax.swing.plaf.basic.BasicComboPopup$Handler.mousePressed(BasicComboPopup.java:936)
2023-08-30 10:53:02,882 [ERROR] LogOutputStream:75 - [STDERR_REDIRECT] 	at java.desktop/java.awt.Component.processMouseEvent(Component.java:6623)
2023-08-30 10:53:02,884 [ERROR] LogOutputStream:75 - [STDERR_REDIRECT] 	at java.desktop/javax.swing.JComponent.processMouseEvent(JComponent.java:3389)
2023-08-30 10:53:02,884 [ERROR] LogOutputStream:75 - [STDERR_REDIRECT] 	at java.desktop/java.awt.Component.processEvent(Component.java:6391)
2023-08-30 10:53:02,885 [ERROR] LogOutputStream:75 - [STDERR_REDIRECT] 	at java.desktop/java.awt.Container.processEvent(Container.java:2266)
2023-08-30 10:53:02,886 [ERROR] LogOutputStream:75 - [STDERR_REDIRECT] 	at java.desktop/java.awt.Component.dispatchEventImpl(Component.java:5001)
2023-08-30 10:53:02,886 [ERROR] LogOutputStream:75 - [STDERR_REDIRECT] 	at java.desktop/java.awt.Container.dispatchEventImpl(Container.java:2324)
2023-08-30 10:53:02,887 [ERROR] LogOutputStream:75 - [STDERR_REDIRECT] 	at java.desktop/java.awt.Component.dispatchEvent(Component.java:4833)
2023-08-30 10:53:02,889 [ERROR] LogOutputStream:75 - [STDERR_REDIRECT] 	at java.desktop/javax.swing.plaf.basic.BasicTableUI$Handler.repostEvent(BasicTableUI.java:987)
2023-08-30 10:53:02,891 [ERROR] LogOutputStream:75 - [STDERR_REDIRECT] 	at java.desktop/javax.swing.plaf.basic.BasicTableUI$Handler.adjustSelection(BasicTableUI.java:1149)
2023-08-30 10:53:02,892 [ERROR] LogOutputStream:75 - [STDERR_REDIRECT] 	at java.desktop/javax.swing.plaf.basic.BasicTableUI$Handler.mousePressed(BasicTableUI.java:1077)
2023-08-30 10:53:02,894 [ERROR] LogOutputStream:75 - [STDERR_REDIRECT] 	at java.desktop/java.awt.AWTEventMulticaster.mousePressed(AWTEventMulticaster.java:288)
2023-08-30 10:53:02,895 [ERROR] LogOutputStream:75 - [STDERR_REDIRECT] 	at java.desktop/java.awt.AWTEventMulticaster.mousePressed(AWTEventMulticaster.java:287)
2023-08-30 10:53:02,896 [ERROR] LogOutputStream:75 - [STDERR_REDIRECT] 	at java.desktop/java.awt.AWTEventMulticaster.mousePressed(AWTEventMulticaster.java:287)
2023-08-30 10:53:02,896 [ERROR] LogOutputStream:75 - [STDERR_REDIRECT] 	at java.desktop/java.awt.AWTEventMulticaster.mousePressed(AWTEventMulticaster.java:287)
2023-08-30 10:53:02,897 [ERROR] LogOutputStream:75 - [STDERR_REDIRECT] 	at java.desktop/java.awt.Component.processMouseEvent(Component.java:6623)
2023-08-30 10:53:02,898 [ERROR] LogOutputStream:75 - [STDERR_REDIRECT] 	at java.desktop/javax.swing.JComponent.processMouseEvent(JComponent.java:3389)
2023-08-30 10:53:02,899 [ERROR] LogOutputStream:75 - [STDERR_REDIRECT] 	at java.desktop/java.awt.Component.processEvent(Component.java:6391)
2023-08-30 10:53:02,900 [ERROR] LogOutputStream:75 - [STDERR_REDIRECT] 	at java.desktop/java.awt.Container.processEvent(Container.java:2266)
2023-08-30 10:53:02,901 [ERROR] LogOutputStream:75 - [STDERR_REDIRECT] 	at java.desktop/java.awt.Component.dispatchEventImpl(Component.java:5001)
2023-08-30 10:53:02,903 [ERROR] LogOutputStream:75 - [STDERR_REDIRECT] 	at java.desktop/java.awt.Container.dispatchEventImpl(Container.java:2324)
2023-08-30 10:53:02,904 [ERROR] LogOutputStream:75 - [STDERR_REDIRECT] 	at java.desktop/java.awt.Component.dispatchEvent(Component.java:4833)
2023-08-30 10:53:02,905 [ERROR] LogOutputStream:75 - [STDERR_REDIRECT] 	at java.desktop/java.awt.LightweightDispatcher.retargetMouseEvent(Container.java:4948)
2023-08-30 10:53:02,906 [ERROR] LogOutputStream:75 - [STDERR_REDIRECT] 	at java.desktop/java.awt.LightweightDispatcher.processMouseEvent(Container.java:4572)
2023-08-30 10:53:02,908 [ERROR] LogOutputStream:75 - [STDERR_REDIRECT] 	at java.desktop/java.awt.LightweightDispatcher.dispatchEvent(Container.java:4516)
2023-08-30 10:53:02,909 [ERROR] LogOutputStream:75 - [STDERR_REDIRECT] 	at java.desktop/java.awt.Container.dispatchEventImpl(Container.java:2310)
2023-08-30 10:53:02,909 [ERROR] LogOutputStream:75 - [STDERR_REDIRECT] 	at java.desktop/java.awt.Component.dispatchEvent(Component.java:4833)
2023-08-30 10:53:02,910 [ERROR] LogOutputStream:75 - [STDERR_REDIRECT] 	at java.desktop/java.awt.EventQueue.dispatchEventImpl(EventQueue.java:773)
2023-08-30 10:53:02,910 [ERROR] LogOutputStream:75 - [STDERR_REDIRECT] 	at java.desktop/java.awt.EventQueue$4.run(EventQueue.java:722)
2023-08-30 10:53:02,911 [ERROR] LogOutputStream:75 - [STDERR_REDIRECT] 	at java.desktop/java.awt.EventQueue$4.run(EventQueue.java:716)
2023-08-30 10:53:02,912 [ERROR] LogOutputStream:75 - [STDERR_REDIRECT] 	at java.base/java.security.AccessController.doPrivileged(AccessController.java:399)
2023-08-30 10:53:02,914 [ERROR] LogOutputStream:75 - [STDERR_REDIRECT] 	at java.base/java.security.ProtectionDomain$JavaSecurityAccessImpl.doIntersectionPrivilege(ProtectionDomain.java:86)
2023-08-30 10:53:02,915 [ERROR] LogOutputStream:75 - [STDERR_REDIRECT] 	at java.base/java.security.ProtectionDomain$JavaSecurityAccessImpl.doIntersectionPrivilege(ProtectionDomain.java:97)
2023-08-30 10:53:02,916 [ERROR] LogOutputStream:75 - [STDERR_REDIRECT] 	at java.desktop/java.awt.EventQueue$5.run(EventQueue.java:746)
2023-08-30 10:53:02,917 [ERROR] LogOutputStream:75 - [STDERR_REDIRECT] 	at java.desktop/java.awt.EventQueue$5.run(EventQueue.java:744)
2023-08-30 10:53:02,917 [ERROR] LogOutputStream:75 - [STDERR_REDIRECT] 	at java.base/java.security.AccessController.doPrivileged(AccessController.java:399)
2023-08-30 10:53:02,918 [ERROR] LogOutputStream:75 - [STDERR_REDIRECT] 	at java.base/java.security.ProtectionDomain$JavaSecurityAccessImpl.doIntersectionPrivilege(ProtectionDomain.java:86)
2023-08-30 10:53:02,919 [ERROR] LogOutputStream:75 - [STDERR_REDIRECT] 	at java.desktop/java.awt.EventQueue.dispatchEvent(EventQueue.java:743)
2023-08-30 10:53:02,920 [ERROR] LogOutputStream:75 - [STDERR_REDIRECT] 	at java.desktop/java.awt.EventDispatchThread.pumpOneEventForFilters(EventDispatchThread.java:203)
2023-08-30 10:53:02,921 [ERROR] LogOutputStream:75 - [STDERR_REDIRECT] 	at java.desktop/java.awt.EventDispatchThread.pumpEventsForFilter(EventDispatchThread.java:124)
2023-08-30 10:53:02,923 [ERROR] LogOutputStream:75 - [STDERR_REDIRECT] 	at java.desktop/java.awt.EventDispatchThread.pumpEventsForHierarchy(EventDispatchThread.java:113)
2023-08-30 10:53:02,924 [ERROR] LogOutputStream:75 - [STDERR_REDIRECT] 	at java.desktop/java.awt.EventDispatchThread.pumpEvents(EventDispatchThread.java:109)
2023-08-30 10:53:02,925 [ERROR] LogOutputStream:75 - [STDERR_REDIRECT] 	at java.desktop/java.awt.EventDispatchThread.pumpEvents(EventDispatchThread.java:101)
2023-08-30 10:53:02,926 [ERROR] LogOutputStream:75 - [STDERR_REDIRECT] 	at java.desktop/java.awt.EventDispatchThread.run(EventDispatchThread.java:90)
2023-08-30 10:53:24,962 [INFO] NvicIntPanel:101 - NVIC parent = com.st.microxplorer.plugins.ip.nvic.MultiNvicIntPanel[,0,0,0x0,invalid,layout=javax.swing.BoxLayout,alignmentX=0.0,alignmentY=0.0,border=,flags=9,maximumSize=,minimumSize=,preferredSize=]
2023-08-30 10:56:57,956 [INFO] UtilMem:75 - End SaveConfig() Used Memory: 796154064 Bytes (987758592)
2023-08-30 10:56:59,826 [INFO] UtilMem:75 - End SaveConfig() Used Memory: 817959592 Bytes (987758592)
2023-08-30 10:57:12,449 [INFO] UtilMem:75 - End SaveConfig() Used Memory: 564976576 Bytes (987758592)
2023-08-30 10:57:21,056 [INFO] McuFinderGlobals:63 - Set McuFinder mode to 2 (CubeIDE integrated)
2023-08-30 10:57:21,057 [INFO] UserAuth:179 - activating auth plugin
2023-08-30 10:57:21,061 [INFO] UserAuth:393 - Internet connection configuration mode: 1
2023-08-30 10:57:50,573 [INFO] WebApp:586 - userauth.ini created with success
2023-08-30 10:58:45,519 [INFO] ServerAccessManage:473 - Download File stm32cube_fw_l1_v1100.zip
2023-08-30 10:58:54,743 [ERROR] FileExtend:455 - File entry not found
2023-08-30 10:58:54,744 [INFO] FileExtend:240 - Unzip File : stm32cube_fw_l1_v1100.zip
2023-08-30 10:58:54,745 [INFO] FileExtend:255 - Standard Zip Deflate
2023-08-30 10:59:05,302 [INFO] ServerAccessManage:473 - Download File stm32cube_fw_l1_v1104.zip
2023-08-30 10:59:08,059 [INFO] FileExtend:240 - Unzip File : stm32cube_fw_l1_v1104.zip
2023-08-30 10:59:08,059 [INFO] FileExtend:255 - Standard Zip Deflate
2023-08-30 10:59:13,220 [INFO] LoadServerPackagesThread:196 - End of LoadServerPackages Thread
2023-08-30 10:59:13,373 [INFO] ThirdPartyModel:298 - Start build external matchings
2023-08-30 10:59:13,378 [INFO] UtilMem:75 - End SaveConfig() Used Memory: 535702152 Bytes (775946240)
2023-08-30 10:59:13,660 [INFO] ThirdPartyModel:316 - End build external matchings
2023-08-30 10:59:13,670 [INFO] CheckServerUpdateThread:120 - End of CheckServer Thread
2023-08-30 10:59:13,903 [INFO] BlockDiagram:2759 - set Specific Code input for plugin: NVIC
2023-08-30 10:59:13,903 [INFO] BlockDiagram:2759 - set Specific Code input for plugin: TIM1_8L1
2023-08-30 10:59:13,903 [INFO] BlockDiagram:2759 - set Specific Code input for plugin: GPIO
2023-08-30 10:59:13,903 [INFO] BlockDiagram:2759 - set Specific Code input for plugin: RCC
2023-08-30 10:59:13,904 [INFO] CodeGenerator:799 - code generatio: config db path: C:\ST\STM32CubeIDE_1.13.1\STM32CubeIDE\plugins\com.st.stm32cube.common.mx_6.9.1.202307191849\\db\
2023-08-30 10:59:14,055 [INFO] CodeEngine:255 - oldGeneratedFile, D:\Works\Microcontroller\STM32Cube\STM32L152_CubeMX_PWM\MXTmpFiles\license.tmp_save
2023-08-30 10:59:14,383 [INFO] CodeEngine:279 - Generated code: D:\Works\Microcontroller\STM32Cube\STM32L152_CubeMX_PWM\MXTmpFiles\license.tmp
2023-08-30 10:59:14,461 [INFO] CodeEngine:255 - oldGeneratedFile, D:\Works\Microcontroller\STM32Cube\STM32L152_CubeMX_PWM\MXTmpFiles\gpio.tmp_save
2023-08-30 10:59:14,598 [INFO] CodeEngine:279 - Generated code: D:\Works\Microcontroller\STM32Cube\STM32L152_CubeMX_PWM\MXTmpFiles\gpio.tmp
2023-08-30 10:59:14,662 [INFO] CodeEngine:255 - oldGeneratedFile, D:\Works\Microcontroller\STM32Cube\STM32L152_CubeMX_PWM\Core\Src\stm32l1xx_it.c_save
2023-08-30 10:59:14,819 [INFO] CodeEngine:279 - Generated code: D:\Works\Microcontroller\STM32Cube\STM32L152_CubeMX_PWM\Core\Src\stm32l1xx_it.c
2023-08-30 10:59:14,823 [INFO] CodeEngine:255 - oldGeneratedFile, D:\Works\Microcontroller\STM32Cube\STM32L152_CubeMX_PWM\Core\Inc\stm32l1xx_it.h_save
2023-08-30 10:59:14,931 [INFO] CodeEngine:279 - Generated code: D:\Works\Microcontroller\STM32Cube\STM32L152_CubeMX_PWM\Core\Inc\stm32l1xx_it.h
2023-08-30 10:59:14,958 [INFO] CodeEngine:255 - oldGeneratedFile, D:\Works\Microcontroller\STM32Cube\STM32L152_CubeMX_PWM\Core\Src\stm32l1xx_hal_msp.c_save
2023-08-30 10:59:15,124 [INFO] CodeEngine:279 - Generated code: D:\Works\Microcontroller\STM32Cube\STM32L152_CubeMX_PWM\Core\Src\stm32l1xx_hal_msp.c
2023-08-30 10:59:15,128 [INFO] CodeEngine:255 - oldGeneratedFile, D:\Works\Microcontroller\STM32Cube\STM32L152_CubeMX_PWM\MXTmpFiles\system.tmp_save
2023-08-30 10:59:15,200 [INFO] CodeEngine:279 - Generated code: D:\Works\Microcontroller\STM32Cube\STM32L152_CubeMX_PWM\MXTmpFiles\system.tmp
2023-08-30 10:59:15,206 [INFO] CodeEngine:311 - oldGeneratedFile, D:\Works\Microcontroller\STM32Cube\STM32L152_CubeMX_PWM\Core\Inc\stm32l1xx_hal_conf.h_save
2023-08-30 10:59:15,328 [INFO] CodeEngine:335 - Generated code: D:\Works\Microcontroller\STM32Cube\STM32L152_CubeMX_PWM\Core\Inc\stm32l1xx_hal_conf.h
2023-08-30 10:59:15,358 [WARN] IPConfigManager:3431 - IP not found : TIM
2023-08-30 10:59:15,359 [WARN] CodeGenerator:3760 - IP not found : null
2023-08-30 10:59:15,364 [INFO] CodeEngine:255 - oldGeneratedFile, D:\Works\Microcontroller\STM32Cube\STM32L152_CubeMX_PWM\Core\Inc\main.h_save
2023-08-30 10:59:15,503 [INFO] CodeEngine:279 - Generated code: D:\Works\Microcontroller\STM32Cube\STM32L152_CubeMX_PWM\Core\Inc\main.h
2023-08-30 10:59:15,506 [INFO] CodeEngine:255 - oldGeneratedFile, D:\Works\Microcontroller\STM32Cube\STM32L152_CubeMX_PWM\Core\Src\main.c_save
2023-08-30 10:59:15,656 [INFO] CodeEngine:279 - Generated code: D:\Works\Microcontroller\STM32Cube\STM32L152_CubeMX_PWM\Core\Src\main.c
2023-08-30 10:59:15,976 [INFO] ProjectBuilder:3064 - Time for Copy HAL[1] : 84mS.
2023-08-30 10:59:15,981 [INFO] ProjectBuilder:4404 - Project Generator version: 4.1.0
2023-08-30 10:59:16,249 [INFO] ConfigFileManager:1457 - The Die is : DIE416
2023-08-30 10:59:16,261 [INFO] ApiDbMcu:507 - Load IP Config File for FATFS
2023-08-30 10:59:16,271 [INFO] ApiDbMcu:507 - Load IP Config File for FREERTOS
2023-08-30 10:59:16,293 [INFO] ApiDbMcu:507 - Load IP Config File for TOUCHSENSING
2023-08-30 10:59:16,300 [INFO] ApiDbMcu:507 - Load IP Config File for USB_DEVICE
2023-08-30 10:59:16,841 [INFO] LogOutputStream:77 - [STDOUT_REDIRECT] 
2023-08-30 10:59:18,466 [INFO] ProjectBuilder:4626 - Time for Generating toolchain IDE Files: 2485mS.
2023-08-30 10:59:18,467 [INFO] ProjectBuilder:2935 - Time for Copy CMSIS : 0mS.
2023-08-30 10:59:18,469 [INFO] ProjectBuilder:2935 - Time for Copy CMSIS : 0mS.
2023-08-30 11:01:43,410 [ERROR] LogOutputStream:75 - [STDERR_REDIRECT] 
